#
# There is insufficient memory for the Java Runtime Environment to continue.
# Native memory allocation (malloc) failed to allocate 908496 bytes for Chunk::new
# Possible reasons:
#   The system is out of physical RAM or swap space
#   The process is running with CompressedOops enabled, and the Java Heap may be blocking the growth of the native heap
# Possible solutions:
#   Reduce memory load on the system
#   Increase physical memory or swap space
#   Check if swap backing store is full
#   Decrease Java heap size (-Xmx/-Xms)
#   Decrease number of Java threads
#   Decrease Java thread stack sizes (-Xss)
#   Set larger code cache with -XX:ReservedCodeCacheSize=
#   JVM is running with Unscaled Compressed Oops mode in which the Java heap is
#     placed in the first 4GB address space. The Java Heap base address is the
#     maximum limit for the native heap growth. Please use -XX:HeapBaseMinAddress
#     to set the Java Heap base and to place the Java Heap above 4GB virtual address.
# This output file may be truncated or incomplete.
#
#  Out of Memory Error (arena.cpp:195), pid=13016, tid=4888
#
# JRE version: OpenJDK Runtime Environment (16.0.2+7) (build 16.0.2+7-67)
# Java VM: OpenJDK 64-Bit Server VM (16.0.2+7-67, mixed mode, tiered, compressed oops, compressed class ptrs, g1 gc, windows-amd64)
# No core dump will be written. Minidumps are not enabled by default on client versions of Windows
#

---------------  S U M M A R Y ------------

Command Line: -Dfile.encoding=Cp1252 -XX:+ShowCodeDetailsInExceptionMessages client.app.MainControllerGUI

Host: Intel(R) Core(TM) i7-4700HQ CPU @ 2.40GHz, 8 cores, 7G,  Windows 10 , 64 bit Build 19041 (10.0.19041.1348)
Time: Wed Nov 17 02:08:46 2021 SE Asia Standard Time elapsed time: 0.347509 seconds (0d 0h 0m 0s)

---------------  T H R E A D  ---------------

Current thread (0x0000019def698f50):  JavaThread "C2 CompilerThread2" daemon [_thread_in_native, id=4888, stack(0x000000995ed00000,0x000000995ee00000)]


Current CompileTask:
C2:    347  277   !   4       java.util.jar.Attributes::read (530 bytes)

Stack: [0x000000995ed00000,0x000000995ee00000]
Native frames: (J=compiled Java code, j=interpreted, Vv=VM code, C=native code)
V  [jvm.dll+0x6681ca]
V  [jvm.dll+0x7c9e69]
V  [jvm.dll+0x7cb61e]
V  [jvm.dll+0x7cbc73]
V  [jvm.dll+0x242c55]
V  [jvm.dll+0xadeba]
V  [jvm.dll+0xae45c]
V  [jvm.dll+0x35a882]
V  [jvm.dll+0x324de1]
V  [jvm.dll+0x32428a]
V  [jvm.dll+0x215cec]
V  [jvm.dll+0x215100]
V  [jvm.dll+0x1a1beb]
V  [jvm.dll+0x225158]
V  [jvm.dll+0x22319c]
V  [jvm.dll+0x77fa62]
V  [jvm.dll+0x7795aa]
V  [jvm.dll+0x667066]
C  [ucrtbase.dll+0x21bb2]
C  [KERNEL32.DLL+0x17034]
C  [ntdll.dll+0x52651]


---------------  P R O C E S S  ---------------

Threads class SMR info:
_java_thread_list=0x0000019def5beb90, length=14, elements={
0x0000019dd4bbacd0, 0x0000019deea3f410, 0x0000019deea40a70, 0x0000019deea7e5b0,
0x0000019deea5da30, 0x0000019def4030a0, 0x0000019def406ac0, 0x0000019def4077f0,
0x0000019def40e350, 0x0000019def421170, 0x0000019def595ad0, 0x0000019def5a2420,
0x0000019def5a2dd0, 0x0000019def698f50
}

Java Threads: ( => current thread )
  0x0000019dd4bbacd0 JavaThread "main" [_thread_in_vm, id=1136, stack(0x000000995d900000,0x000000995da00000)]
  0x0000019deea3f410 JavaThread "Reference Handler" daemon [_thread_blocked, id=7688, stack(0x000000995e000000,0x000000995e100000)]
  0x0000019deea40a70 JavaThread "Finalizer" daemon [_thread_blocked, id=11204, stack(0x000000995e100000,0x000000995e200000)]
  0x0000019deea7e5b0 JavaThread "Signal Dispatcher" daemon [_thread_blocked, id=11636, stack(0x000000995e200000,0x000000995e300000)]
  0x0000019deea5da30 JavaThread "Attach Listener" daemon [_thread_blocked, id=4508, stack(0x000000995e300000,0x000000995e400000)]
  0x0000019def4030a0 JavaThread "Service Thread" daemon [_thread_blocked, id=7468, stack(0x000000995e400000,0x000000995e500000)]
  0x0000019def406ac0 JavaThread "Monitor Deflation Thread" daemon [_thread_blocked, id=12776, stack(0x000000995e500000,0x000000995e600000)]
  0x0000019def4077f0 JavaThread "C2 CompilerThread0" daemon [_thread_in_native, id=15140, stack(0x000000995e600000,0x000000995e700000)]
  0x0000019def40e350 JavaThread "C1 CompilerThread0" daemon [_thread_in_native, id=2724, stack(0x000000995e700000,0x000000995e800000)]
  0x0000019def421170 JavaThread "Sweeper thread" daemon [_thread_blocked, id=4204, stack(0x000000995e800000,0x000000995e900000)]
  0x0000019def595ad0 JavaThread "Notification Thread" daemon [_thread_blocked, id=9592, stack(0x000000995e900000,0x000000995ea00000)]
  0x0000019def5a2420 JavaThread "Common-Cleaner" daemon [_thread_blocked, id=5580, stack(0x000000995eb00000,0x000000995ec00000)]
  0x0000019def5a2dd0 JavaThread "C2 CompilerThread1" daemon [_thread_blocked, id=9240, stack(0x000000995ec00000,0x000000995ed00000)]
=>0x0000019def698f50 JavaThread "C2 CompilerThread2" daemon [_thread_in_native, id=4888, stack(0x000000995ed00000,0x000000995ee00000)]

Other Threads:
  0x0000019deea2ab40 VMThread "VM Thread" [stack: 0x000000995df00000,0x000000995e000000] [id=15144]
  0x0000019def594ef0 WatcherThread [stack: 0x000000995ea00000,0x000000995eb00000] [id=7560]
  0x0000019dd4bf97e0 GCTaskThread "GC Thread#0" [stack: 0x000000995da00000,0x000000995db00000] [id=14408]
  0x0000019dd4c0be90 ConcurrentGCThread "G1 Main Marker" [stack: 0x000000995db00000,0x000000995dc00000] [id=15308]
  0x0000019dd4c0c980 ConcurrentGCThread "G1 Conc#0" [stack: 0x000000995dc00000,0x000000995dd00000] [id=2988]
  0x0000019dd4c96ff0 ConcurrentGCThread "G1 Refine#0" [stack: 0x000000995dd00000,0x000000995de00000] [id=13012]
  0x0000019dd4c98a80 ConcurrentGCThread "G1 Service" [stack: 0x000000995de00000,0x000000995df00000] [id=13056]

Threads with active compile tasks:
C2 CompilerThread0      366  347 %     4       sun.security.provider.SHA2::implCompress0 @ 3 (466 bytes)
C1 CompilerThread0      366  363  s    3       java.util.Hashtable::put (104 bytes)
C2 CompilerThread2      366  277   !   4       java.util.jar.Attributes::read (530 bytes)

VM state: not at safepoint (normal execution)

VM Mutex/Monitor currently owned by a thread: None

Heap address: 0x0000000081200000, size: 2030 MB, Compressed Oops mode: 32-bit

CDS disabled.
Compressed class space mapped at: 0x0000000100000000-0x0000000140000000, reserved size: 1073741824
Narrow klass base: 0x0000000000000000, Narrow klass shift: 3, Narrow klass range: 0x140000000

GC Precious Log:
 CPUs: 8 total, 8 available
 Memory: 8112M
 Large Page Support: Disabled
 NUMA Support: Disabled
 Compressed Oops: Enabled (32-bit)
 Heap Region Size: 1M
 Heap Min Capacity: 8M
 Heap Initial Capacity: 128M
 Heap Max Capacity: 2030M
 Pre-touch: Disabled
 Parallel Workers: 8
 Concurrent Workers: 2
 Concurrent Refinement Workers: 8
 Periodic GC: Disabled

Heap:
 garbage-first heap   total 131072K, used 13312K [0x0000000081200000, 0x0000000100000000)
  region size 1024K, 15 young (15360K), 0 survivors (0K)
 Metaspace       used 8650K, committed 8768K, reserved 1056768K
  class space    used 733K, committed 832K, reserved 1048576K

Heap Regions: E=young(eden), S=young(survivor), O=old, HS=humongous(starts), HC=humongous(continues), CS=collection set, F=free, OA=open archive, CA=closed archive, TAMS=top-at-mark-start (previous, next)
|   0|0x0000000081200000, 0x0000000081200000, 0x0000000081300000|  0%| F|  |TAMS 0x0000000081200000, 0x0000000081200000| Untracked 
|   1|0x0000000081300000, 0x0000000081300000, 0x0000000081400000|  0%| F|  |TAMS 0x0000000081300000, 0x0000000081300000| Untracked 
|   2|0x0000000081400000, 0x0000000081400000, 0x0000000081500000|  0%| F|  |TAMS 0x0000000081400000, 0x0000000081400000| Untracked 
|   3|0x0000000081500000, 0x0000000081500000, 0x0000000081600000|  0%| F|  |TAMS 0x0000000081500000, 0x0000000081500000| Untracked 
|   4|0x0000000081600000, 0x0000000081600000, 0x0000000081700000|  0%| F|  |TAMS 0x0000000081600000, 0x0000000081600000| Untracked 
|   5|0x0000000081700000, 0x0000000081700000, 0x0000000081800000|  0%| F|  |TAMS 0x0000000081700000, 0x0000000081700000| Untracked 
|   6|0x0000000081800000, 0x0000000081800000, 0x0000000081900000|  0%| F|  |TAMS 0x0000000081800000, 0x0000000081800000| Untracked 
|   7|0x0000000081900000, 0x0000000081900000, 0x0000000081a00000|  0%| F|  |TAMS 0x0000000081900000, 0x0000000081900000| Untracked 
|   8|0x0000000081a00000, 0x0000000081a00000, 0x0000000081b00000|  0%| F|  |TAMS 0x0000000081a00000, 0x0000000081a00000| Untracked 
|   9|0x0000000081b00000, 0x0000000081b00000, 0x0000000081c00000|  0%| F|  |TAMS 0x0000000081b00000, 0x0000000081b00000| Untracked 
|  10|0x0000000081c00000, 0x0000000081c00000, 0x0000000081d00000|  0%| F|  |TAMS 0x0000000081c00000, 0x0000000081c00000| Untracked 
|  11|0x0000000081d00000, 0x0000000081d00000, 0x0000000081e00000|  0%| F|  |TAMS 0x0000000081d00000, 0x0000000081d00000| Untracked 
|  12|0x0000000081e00000, 0x0000000081e00000, 0x0000000081f00000|  0%| F|  |TAMS 0x0000000081e00000, 0x0000000081e00000| Untracked 
|  13|0x0000000081f00000, 0x0000000081f00000, 0x0000000082000000|  0%| F|  |TAMS 0x0000000081f00000, 0x0000000081f00000| Untracked 
|  14|0x0000000082000000, 0x0000000082000000, 0x0000000082100000|  0%| F|  |TAMS 0x0000000082000000, 0x0000000082000000| Untracked 
|  15|0x0000000082100000, 0x0000000082100000, 0x0000000082200000|  0%| F|  |TAMS 0x0000000082100000, 0x0000000082100000| Untracked 
|  16|0x0000000082200000, 0x0000000082200000, 0x0000000082300000|  0%| F|  |TAMS 0x0000000082200000, 0x0000000082200000| Untracked 
|  17|0x0000000082300000, 0x0000000082300000, 0x0000000082400000|  0%| F|  |TAMS 0x0000000082300000, 0x0000000082300000| Untracked 
|  18|0x0000000082400000, 0x0000000082400000, 0x0000000082500000|  0%| F|  |TAMS 0x0000000082400000, 0x0000000082400000| Untracked 
|  19|0x0000000082500000, 0x0000000082500000, 0x0000000082600000|  0%| F|  |TAMS 0x0000000082500000, 0x0000000082500000| Untracked 
|  20|0x0000000082600000, 0x0000000082600000, 0x0000000082700000|  0%| F|  |TAMS 0x0000000082600000, 0x0000000082600000| Untracked 
|  21|0x0000000082700000, 0x0000000082700000, 0x0000000082800000|  0%| F|  |TAMS 0x0000000082700000, 0x0000000082700000| Untracked 
|  22|0x0000000082800000, 0x0000000082800000, 0x0000000082900000|  0%| F|  |TAMS 0x0000000082800000, 0x0000000082800000| Untracked 
|  23|0x0000000082900000, 0x0000000082900000, 0x0000000082a00000|  0%| F|  |TAMS 0x0000000082900000, 0x0000000082900000| Untracked 
|  24|0x0000000082a00000, 0x0000000082a00000, 0x0000000082b00000|  0%| F|  |TAMS 0x0000000082a00000, 0x0000000082a00000| Untracked 
|  25|0x0000000082b00000, 0x0000000082b00000, 0x0000000082c00000|  0%| F|  |TAMS 0x0000000082b00000, 0x0000000082b00000| Untracked 
|  26|0x0000000082c00000, 0x0000000082c00000, 0x0000000082d00000|  0%| F|  |TAMS 0x0000000082c00000, 0x0000000082c00000| Untracked 
|  27|0x0000000082d00000, 0x0000000082d00000, 0x0000000082e00000|  0%| F|  |TAMS 0x0000000082d00000, 0x0000000082d00000| Untracked 
|  28|0x0000000082e00000, 0x0000000082e00000, 0x0000000082f00000|  0%| F|  |TAMS 0x0000000082e00000, 0x0000000082e00000| Untracked 
|  29|0x0000000082f00000, 0x0000000082f00000, 0x0000000083000000|  0%| F|  |TAMS 0x0000000082f00000, 0x0000000082f00000| Untracked 
|  30|0x0000000083000000, 0x0000000083000000, 0x0000000083100000|  0%| F|  |TAMS 0x0000000083000000, 0x0000000083000000| Untracked 
|  31|0x0000000083100000, 0x0000000083100000, 0x0000000083200000|  0%| F|  |TAMS 0x0000000083100000, 0x0000000083100000| Untracked 
|  32|0x0000000083200000, 0x0000000083200000, 0x0000000083300000|  0%| F|  |TAMS 0x0000000083200000, 0x0000000083200000| Untracked 
|  33|0x0000000083300000, 0x0000000083300000, 0x0000000083400000|  0%| F|  |TAMS 0x0000000083300000, 0x0000000083300000| Untracked 
|  34|0x0000000083400000, 0x0000000083400000, 0x0000000083500000|  0%| F|  |TAMS 0x0000000083400000, 0x0000000083400000| Untracked 
|  35|0x0000000083500000, 0x0000000083500000, 0x0000000083600000|  0%| F|  |TAMS 0x0000000083500000, 0x0000000083500000| Untracked 
|  36|0x0000000083600000, 0x0000000083600000, 0x0000000083700000|  0%| F|  |TAMS 0x0000000083600000, 0x0000000083600000| Untracked 
|  37|0x0000000083700000, 0x0000000083700000, 0x0000000083800000|  0%| F|  |TAMS 0x0000000083700000, 0x0000000083700000| Untracked 
|  38|0x0000000083800000, 0x0000000083800000, 0x0000000083900000|  0%| F|  |TAMS 0x0000000083800000, 0x0000000083800000| Untracked 
|  39|0x0000000083900000, 0x0000000083900000, 0x0000000083a00000|  0%| F|  |TAMS 0x0000000083900000, 0x0000000083900000| Untracked 
|  40|0x0000000083a00000, 0x0000000083a00000, 0x0000000083b00000|  0%| F|  |TAMS 0x0000000083a00000, 0x0000000083a00000| Untracked 
|  41|0x0000000083b00000, 0x0000000083b00000, 0x0000000083c00000|  0%| F|  |TAMS 0x0000000083b00000, 0x0000000083b00000| Untracked 
|  42|0x0000000083c00000, 0x0000000083c00000, 0x0000000083d00000|  0%| F|  |TAMS 0x0000000083c00000, 0x0000000083c00000| Untracked 
|  43|0x0000000083d00000, 0x0000000083d00000, 0x0000000083e00000|  0%| F|  |TAMS 0x0000000083d00000, 0x0000000083d00000| Untracked 
|  44|0x0000000083e00000, 0x0000000083e00000, 0x0000000083f00000|  0%| F|  |TAMS 0x0000000083e00000, 0x0000000083e00000| Untracked 
|  45|0x0000000083f00000, 0x0000000083f00000, 0x0000000084000000|  0%| F|  |TAMS 0x0000000083f00000, 0x0000000083f00000| Untracked 
|  46|0x0000000084000000, 0x0000000084000000, 0x0000000084100000|  0%| F|  |TAMS 0x0000000084000000, 0x0000000084000000| Untracked 
|  47|0x0000000084100000, 0x0000000084100000, 0x0000000084200000|  0%| F|  |TAMS 0x0000000084100000, 0x0000000084100000| Untracked 
|  48|0x0000000084200000, 0x0000000084200000, 0x0000000084300000|  0%| F|  |TAMS 0x0000000084200000, 0x0000000084200000| Untracked 
|  49|0x0000000084300000, 0x0000000084300000, 0x0000000084400000|  0%| F|  |TAMS 0x0000000084300000, 0x0000000084300000| Untracked 
|  50|0x0000000084400000, 0x0000000084400000, 0x0000000084500000|  0%| F|  |TAMS 0x0000000084400000, 0x0000000084400000| Untracked 
|  51|0x0000000084500000, 0x0000000084500000, 0x0000000084600000|  0%| F|  |TAMS 0x0000000084500000, 0x0000000084500000| Untracked 
|  52|0x0000000084600000, 0x0000000084600000, 0x0000000084700000|  0%| F|  |TAMS 0x0000000084600000, 0x0000000084600000| Untracked 
|  53|0x0000000084700000, 0x0000000084700000, 0x0000000084800000|  0%| F|  |TAMS 0x0000000084700000, 0x0000000084700000| Untracked 
|  54|0x0000000084800000, 0x0000000084800000, 0x0000000084900000|  0%| F|  |TAMS 0x0000000084800000, 0x0000000084800000| Untracked 
|  55|0x0000000084900000, 0x0000000084900000, 0x0000000084a00000|  0%| F|  |TAMS 0x0000000084900000, 0x0000000084900000| Untracked 
|  56|0x0000000084a00000, 0x0000000084a00000, 0x0000000084b00000|  0%| F|  |TAMS 0x0000000084a00000, 0x0000000084a00000| Untracked 
|  57|0x0000000084b00000, 0x0000000084b00000, 0x0000000084c00000|  0%| F|  |TAMS 0x0000000084b00000, 0x0000000084b00000| Untracked 
|  58|0x0000000084c00000, 0x0000000084c00000, 0x0000000084d00000|  0%| F|  |TAMS 0x0000000084c00000, 0x0000000084c00000| Untracked 
|  59|0x0000000084d00000, 0x0000000084d00000, 0x0000000084e00000|  0%| F|  |TAMS 0x0000000084d00000, 0x0000000084d00000| Untracked 
|  60|0x0000000084e00000, 0x0000000084e00000, 0x0000000084f00000|  0%| F|  |TAMS 0x0000000084e00000, 0x0000000084e00000| Untracked 
|  61|0x0000000084f00000, 0x0000000084f00000, 0x0000000085000000|  0%| F|  |TAMS 0x0000000084f00000, 0x0000000084f00000| Untracked 
|  62|0x0000000085000000, 0x0000000085000000, 0x0000000085100000|  0%| F|  |TAMS 0x0000000085000000, 0x0000000085000000| Untracked 
|  63|0x0000000085100000, 0x0000000085100000, 0x0000000085200000|  0%| F|  |TAMS 0x0000000085100000, 0x0000000085100000| Untracked 
|  64|0x0000000085200000, 0x0000000085200000, 0x0000000085300000|  0%| F|  |TAMS 0x0000000085200000, 0x0000000085200000| Untracked 
|  65|0x0000000085300000, 0x0000000085300000, 0x0000000085400000|  0%| F|  |TAMS 0x0000000085300000, 0x0000000085300000| Untracked 
|  66|0x0000000085400000, 0x0000000085400000, 0x0000000085500000|  0%| F|  |TAMS 0x0000000085400000, 0x0000000085400000| Untracked 
|  67|0x0000000085500000, 0x0000000085500000, 0x0000000085600000|  0%| F|  |TAMS 0x0000000085500000, 0x0000000085500000| Untracked 
|  68|0x0000000085600000, 0x0000000085600000, 0x0000000085700000|  0%| F|  |TAMS 0x0000000085600000, 0x0000000085600000| Untracked 
|  69|0x0000000085700000, 0x0000000085700000, 0x0000000085800000|  0%| F|  |TAMS 0x0000000085700000, 0x0000000085700000| Untracked 
|  70|0x0000000085800000, 0x0000000085800000, 0x0000000085900000|  0%| F|  |TAMS 0x0000000085800000, 0x0000000085800000| Untracked 
|  71|0x0000000085900000, 0x0000000085900000, 0x0000000085a00000|  0%| F|  |TAMS 0x0000000085900000, 0x0000000085900000| Untracked 
|  72|0x0000000085a00000, 0x0000000085a00000, 0x0000000085b00000|  0%| F|  |TAMS 0x0000000085a00000, 0x0000000085a00000| Untracked 
|  73|0x0000000085b00000, 0x0000000085b00000, 0x0000000085c00000|  0%| F|  |TAMS 0x0000000085b00000, 0x0000000085b00000| Untracked 
|  74|0x0000000085c00000, 0x0000000085c00000, 0x0000000085d00000|  0%| F|  |TAMS 0x0000000085c00000, 0x0000000085c00000| Untracked 
|  75|0x0000000085d00000, 0x0000000085d00000, 0x0000000085e00000|  0%| F|  |TAMS 0x0000000085d00000, 0x0000000085d00000| Untracked 
|  76|0x0000000085e00000, 0x0000000085e00000, 0x0000000085f00000|  0%| F|  |TAMS 0x0000000085e00000, 0x0000000085e00000| Untracked 
|  77|0x0000000085f00000, 0x0000000085f00000, 0x0000000086000000|  0%| F|  |TAMS 0x0000000085f00000, 0x0000000085f00000| Untracked 
|  78|0x0000000086000000, 0x0000000086000000, 0x0000000086100000|  0%| F|  |TAMS 0x0000000086000000, 0x0000000086000000| Untracked 
|  79|0x0000000086100000, 0x0000000086100000, 0x0000000086200000|  0%| F|  |TAMS 0x0000000086100000, 0x0000000086100000| Untracked 
|  80|0x0000000086200000, 0x0000000086200000, 0x0000000086300000|  0%| F|  |TAMS 0x0000000086200000, 0x0000000086200000| Untracked 
|  81|0x0000000086300000, 0x0000000086300000, 0x0000000086400000|  0%| F|  |TAMS 0x0000000086300000, 0x0000000086300000| Untracked 
|  82|0x0000000086400000, 0x0000000086400000, 0x0000000086500000|  0%| F|  |TAMS 0x0000000086400000, 0x0000000086400000| Untracked 
|  83|0x0000000086500000, 0x0000000086500000, 0x0000000086600000|  0%| F|  |TAMS 0x0000000086500000, 0x0000000086500000| Untracked 
|  84|0x0000000086600000, 0x0000000086600000, 0x0000000086700000|  0%| F|  |TAMS 0x0000000086600000, 0x0000000086600000| Untracked 
|  85|0x0000000086700000, 0x0000000086700000, 0x0000000086800000|  0%| F|  |TAMS 0x0000000086700000, 0x0000000086700000| Untracked 
|  86|0x0000000086800000, 0x0000000086800000, 0x0000000086900000|  0%| F|  |TAMS 0x0000000086800000, 0x0000000086800000| Untracked 
|  87|0x0000000086900000, 0x0000000086900000, 0x0000000086a00000|  0%| F|  |TAMS 0x0000000086900000, 0x0000000086900000| Untracked 
|  88|0x0000000086a00000, 0x0000000086a00000, 0x0000000086b00000|  0%| F|  |TAMS 0x0000000086a00000, 0x0000000086a00000| Untracked 
|  89|0x0000000086b00000, 0x0000000086b00000, 0x0000000086c00000|  0%| F|  |TAMS 0x0000000086b00000, 0x0000000086b00000| Untracked 
|  90|0x0000000086c00000, 0x0000000086c00000, 0x0000000086d00000|  0%| F|  |TAMS 0x0000000086c00000, 0x0000000086c00000| Untracked 
|  91|0x0000000086d00000, 0x0000000086d00000, 0x0000000086e00000|  0%| F|  |TAMS 0x0000000086d00000, 0x0000000086d00000| Untracked 
|  92|0x0000000086e00000, 0x0000000086e00000, 0x0000000086f00000|  0%| F|  |TAMS 0x0000000086e00000, 0x0000000086e00000| Untracked 
|  93|0x0000000086f00000, 0x0000000086f00000, 0x0000000087000000|  0%| F|  |TAMS 0x0000000086f00000, 0x0000000086f00000| Untracked 
|  94|0x0000000087000000, 0x0000000087000000, 0x0000000087100000|  0%| F|  |TAMS 0x0000000087000000, 0x0000000087000000| Untracked 
|  95|0x0000000087100000, 0x0000000087100000, 0x0000000087200000|  0%| F|  |TAMS 0x0000000087100000, 0x0000000087100000| Untracked 
|  96|0x0000000087200000, 0x0000000087200000, 0x0000000087300000|  0%| F|  |TAMS 0x0000000087200000, 0x0000000087200000| Untracked 
|  97|0x0000000087300000, 0x0000000087300000, 0x0000000087400000|  0%| F|  |TAMS 0x0000000087300000, 0x0000000087300000| Untracked 
|  98|0x0000000087400000, 0x0000000087400000, 0x0000000087500000|  0%| F|  |TAMS 0x0000000087400000, 0x0000000087400000| Untracked 
|  99|0x0000000087500000, 0x0000000087500000, 0x0000000087600000|  0%| F|  |TAMS 0x0000000087500000, 0x0000000087500000| Untracked 
| 100|0x0000000087600000, 0x0000000087600000, 0x0000000087700000|  0%| F|  |TAMS 0x0000000087600000, 0x0000000087600000| Untracked 
| 101|0x0000000087700000, 0x0000000087700000, 0x0000000087800000|  0%| F|  |TAMS 0x0000000087700000, 0x0000000087700000| Untracked 
| 102|0x0000000087800000, 0x0000000087800000, 0x0000000087900000|  0%| F|  |TAMS 0x0000000087800000, 0x0000000087800000| Untracked 
| 103|0x0000000087900000, 0x0000000087900000, 0x0000000087a00000|  0%| F|  |TAMS 0x0000000087900000, 0x0000000087900000| Untracked 
| 104|0x0000000087a00000, 0x0000000087a00000, 0x0000000087b00000|  0%| F|  |TAMS 0x0000000087a00000, 0x0000000087a00000| Untracked 
| 105|0x0000000087b00000, 0x0000000087b00000, 0x0000000087c00000|  0%| F|  |TAMS 0x0000000087b00000, 0x0000000087b00000| Untracked 
| 106|0x0000000087c00000, 0x0000000087c00000, 0x0000000087d00000|  0%| F|  |TAMS 0x0000000087c00000, 0x0000000087c00000| Untracked 
| 107|0x0000000087d00000, 0x0000000087d00000, 0x0000000087e00000|  0%| F|  |TAMS 0x0000000087d00000, 0x0000000087d00000| Untracked 
| 108|0x0000000087e00000, 0x0000000087e00000, 0x0000000087f00000|  0%| F|  |TAMS 0x0000000087e00000, 0x0000000087e00000| Untracked 
| 109|0x0000000087f00000, 0x0000000087f00000, 0x0000000088000000|  0%| F|  |TAMS 0x0000000087f00000, 0x0000000087f00000| Untracked 
| 110|0x0000000088000000, 0x0000000088000000, 0x0000000088100000|  0%| F|  |TAMS 0x0000000088000000, 0x0000000088000000| Untracked 
| 111|0x0000000088100000, 0x0000000088100000, 0x0000000088200000|  0%| F|  |TAMS 0x0000000088100000, 0x0000000088100000| Untracked 
| 112|0x0000000088200000, 0x0000000088200000, 0x0000000088300000|  0%| F|  |TAMS 0x0000000088200000, 0x0000000088200000| Untracked 
| 113|0x0000000088300000, 0x00000000883b6bf8, 0x0000000088400000| 71%| E|  |TAMS 0x0000000088300000, 0x0000000088300000| Complete 
| 114|0x0000000088400000, 0x0000000088500000, 0x0000000088500000|100%| E|  |TAMS 0x0000000088400000, 0x0000000088400000| Complete 
| 115|0x0000000088500000, 0x0000000088600000, 0x0000000088600000|100%| E|CS|TAMS 0x0000000088500000, 0x0000000088500000| Complete 
| 116|0x0000000088600000, 0x0000000088700000, 0x0000000088700000|100%| E|CS|TAMS 0x0000000088600000, 0x0000000088600000| Complete 
| 117|0x0000000088700000, 0x0000000088800000, 0x0000000088800000|100%| E|CS|TAMS 0x0000000088700000, 0x0000000088700000| Complete 
| 118|0x0000000088800000, 0x0000000088900000, 0x0000000088900000|100%| E|CS|TAMS 0x0000000088800000, 0x0000000088800000| Complete 
| 119|0x0000000088900000, 0x0000000088a00000, 0x0000000088a00000|100%| E|CS|TAMS 0x0000000088900000, 0x0000000088900000| Complete 
| 120|0x0000000088a00000, 0x0000000088b00000, 0x0000000088b00000|100%| E|CS|TAMS 0x0000000088a00000, 0x0000000088a00000| Complete 
| 121|0x0000000088b00000, 0x0000000088c00000, 0x0000000088c00000|100%| E|CS|TAMS 0x0000000088b00000, 0x0000000088b00000| Complete 
| 122|0x0000000088c00000, 0x0000000088d00000, 0x0000000088d00000|100%| E|CS|TAMS 0x0000000088c00000, 0x0000000088c00000| Complete 
| 123|0x0000000088d00000, 0x0000000088e00000, 0x0000000088e00000|100%| E|CS|TAMS 0x0000000088d00000, 0x0000000088d00000| Complete 
| 124|0x0000000088e00000, 0x0000000088f00000, 0x0000000088f00000|100%| E|CS|TAMS 0x0000000088e00000, 0x0000000088e00000| Complete 
| 125|0x0000000088f00000, 0x0000000089000000, 0x0000000089000000|100%| E|CS|TAMS 0x0000000088f00000, 0x0000000088f00000| Complete 
| 126|0x0000000089000000, 0x0000000089100000, 0x0000000089100000|100%| E|CS|TAMS 0x0000000089000000, 0x0000000089000000| Complete 
| 127|0x0000000089100000, 0x0000000089200000, 0x0000000089200000|100%| E|CS|TAMS 0x0000000089100000, 0x0000000089100000| Complete 

Card table byte_map: [0x0000019de7870000,0x0000019de7c70000] _byte_map_base: 0x0000019de7467000

Marking Bits (Prev, Next): (CMBitMap*) 0x0000019dd4bfaee0, (CMBitMap*) 0x0000019dd4bfaf20
 Prev Bits: [0x0000019de8070000, 0x0000019dea028000)
 Next Bits: [0x0000019dea030000, 0x0000019debfe8000)

Polling page: 0x0000019dd2b50000

Metaspace:

Usage:
  Non-class:      7.73 MB used.
      Class:    733.88 KB used.
       Both:      8.45 MB used.

Virtual space:
  Non-class space:        8.00 MB reserved,       7.75 MB ( 97%) committed,  1 nodes.
      Class space:        1.00 GB reserved,     832.00 KB ( <1%) committed,  1 nodes.
              Both:        1.01 GB reserved,       8.56 MB ( <1%) committed. 

Chunk freelists:
   Non-Class:  0 bytes
       Class:  3.25 MB
        Both:  3.25 MB

MaxMetaspaceSize: 17179869184.00 GB
CompressedClassSpaceSize: 1.00 GB
 - commit_granule_bytes: 65536.
 - commit_granule_words: 8192.
 - virtual_space_node_default_size: 1048576.
 - enlarge_chunks_in_place: 1.
 - new_chunks_are_fully_committed: 0.
 - uncommit_free_chunks: 1.
 - use_allocation_guard: 0.
 - handle_deallocations: 1.


Internal statistics:

num_allocs_failed_limit: 0.
num_arena_births: 6.
num_arena_deaths: 0.
num_vsnodes_births: 2.
num_vsnodes_deaths: 0.
num_space_committed: 137.
num_space_uncommitted: 0.
num_chunks_returned_to_freelist: 0.
num_chunks_taken_from_freelist: 25.
num_chunk_merges: 0.
num_chunk_splits: 7.
num_chunks_enlarged: 3.
num_purges: 0.

CodeHeap 'non-profiled nmethods': size=120000Kb used=159Kb max_used=159Kb free=119840Kb
 bounds [0x0000019ddfc10000, 0x0000019ddfe80000, 0x0000019de7140000]
CodeHeap 'profiled nmethods': size=120000Kb used=579Kb max_used=579Kb free=119420Kb
 bounds [0x0000019dd86e0000, 0x0000019dd8950000, 0x0000019ddfc10000]
CodeHeap 'non-nmethods': size=5760Kb used=1127Kb max_used=1150Kb free=4632Kb
 bounds [0x0000019dd8140000, 0x0000019dd83b0000, 0x0000019dd86e0000]
 total_blobs=765 nmethods=363 adapters=315
 compilation: enabled
              stopped_count=0, restarted_count=0
 full_count=0

Compilation events (20 events):
Event: 0.336 Thread 0x0000019def40e350 nmethod 322 0x0000019dd875d890 code [0x0000019dd875da40, 0x0000019dd875db68]
Event: 0.337 Thread 0x0000019def40e350  323       3       java.math.BigInteger::implMulAdd (81 bytes)
Event: 0.337 Thread 0x0000019def40e350 nmethod 323 0x0000019dd875dc10 code [0x0000019dd875ddc0, 0x0000019dd875e018]
Event: 0.337 Thread 0x0000019def40e350  324       3       java.math.BigInteger::mulAdd (19 bytes)
Event: 0.338 Thread 0x0000019def40e350 nmethod 324 0x0000019dd875e190 code [0x0000019dd875e340, 0x0000019dd875e4d8]
Event: 0.338 Thread 0x0000019def40e350  325       3       java.math.BigInteger::implMulAddCheck (176 bytes)
Event: 0.339 Thread 0x0000019def4077f0  327       4       java.math.BigInteger::implMulAdd (81 bytes)
Event: 0.339 Thread 0x0000019def40e350 nmethod 325 0x0000019dd875e590 code [0x0000019dd875ea20, 0x0000019dd87604d8]
Event: 0.339 Thread 0x0000019def40e350  326       3       java.math.BigInteger::addOne (77 bytes)
Event: 0.339 Thread 0x0000019def40e350 nmethod 326 0x0000019dd8760e90 code [0x0000019dd8761060, 0x0000019dd87613d8]
Event: 0.344 Thread 0x0000019def4077f0 nmethod 327 0x0000019ddfc34c90 code [0x0000019ddfc34e20, 0x0000019ddfc35078]
Event: 0.344 Thread 0x0000019def40e350  331       3       java.math.BigInteger::montReduce (99 bytes)
Event: 0.345 Thread 0x0000019def4077f0  328       4       java.math.BigInteger::mulAdd (19 bytes)
Event: 0.345 Thread 0x0000019def40e350 nmethod 331 0x0000019dd8761510 code [0x0000019dd8761720, 0x0000019dd8761be8]
Event: 0.345 Thread 0x0000019def40e350  332       3       java.math.BigInteger::implSquareToLen (154 bytes)
Event: 0.345 Thread 0x0000019def40e350 nmethod 332 0x0000019dd8761e10 code [0x0000019dd8762000, 0x0000019dd87624a8]
Event: 0.346 Thread 0x0000019def40e350  333       3       java.math.BigInteger::shiftLeftImplWorker (43 bytes)
Event: 0.346 Thread 0x0000019def40e350 nmethod 333 0x0000019dd8762810 code [0x0000019dd87629c0, 0x0000019dd8762bf8]
Event: 0.346 Thread 0x0000019def4077f0 nmethod 328 0x0000019ddfc35190 code [0x0000019ddfc35320, 0x0000019ddfc35498]
Event: 0.346 Thread 0x0000019def4077f0  330       4       java.math.BigInteger::addOne (77 bytes)

GC Heap History (0 events):
No events

Deoptimization events (20 events):
Event: 0.247 Thread 0x0000019dd4bbacd0 Uncommon trap: trap_request=0xffffff45 fr.pc=0x0000019ddfc1b188 relative=0x00000000000000e8
Event: 0.247 Thread 0x0000019dd4bbacd0 Uncommon trap: reason=unstable_if action=reinterpret pc=0x0000019ddfc1b188 method=java.lang.ThreadLocal$ThreadLocalMap.getEntry(Ljava/lang/ThreadLocal;)Ljava/lang/ThreadLocal$ThreadLocalMap$Entry; @ 21 c2
Event: 0.247 Thread 0x0000019dd4bbacd0 DEOPT PACKING pc=0x0000019ddfc1b188 sp=0x000000995d9fdb90
Event: 0.247 Thread 0x0000019dd4bbacd0 DEOPT UNPACKING pc=0x0000019dd818d72e sp=0x000000995d9fdaa8 mode 2
Event: 0.269 Thread 0x0000019dd4bbacd0 Uncommon trap: trap_request=0xffffff45 fr.pc=0x0000019ddfc1cb54 relative=0x0000000000000494
Event: 0.269 Thread 0x0000019dd4bbacd0 Uncommon trap: reason=unstable_if action=reinterpret pc=0x0000019ddfc1cb54 method=java.lang.StringCoding.decode(Ljava/nio/charset/Charset;[BII)Ljava/lang/StringCoding$Result; @ 4 c2
Event: 0.269 Thread 0x0000019dd4bbacd0 DEOPT PACKING pc=0x0000019ddfc1cb54 sp=0x000000995d9fc800
Event: 0.269 Thread 0x0000019dd4bbacd0 DEOPT UNPACKING pc=0x0000019dd818d72e sp=0x000000995d9fc788 mode 2
Event: 0.280 Thread 0x0000019dd4bbacd0 Uncommon trap: trap_request=0xffffff45 fr.pc=0x0000019ddfc1b5f4 relative=0x00000000000000d4
Event: 0.280 Thread 0x0000019dd4bbacd0 Uncommon trap: reason=unstable_if action=reinterpret pc=0x0000019ddfc1b5f4 method=java.lang.ThreadLocal$ThreadLocalMap.getEntry(Ljava/lang/ThreadLocal;)Ljava/lang/ThreadLocal$ThreadLocalMap$Entry; @ 21 c2
Event: 0.280 Thread 0x0000019dd4bbacd0 DEOPT PACKING pc=0x0000019ddfc1b5f4 sp=0x000000995d9fdb10
Event: 0.280 Thread 0x0000019dd4bbacd0 DEOPT UNPACKING pc=0x0000019dd818d72e sp=0x000000995d9fdab0 mode 2
Event: 0.280 Thread 0x0000019dd4bbacd0 Uncommon trap: trap_request=0xffffff45 fr.pc=0x0000019ddfc26260 relative=0x0000000000002580
Event: 0.280 Thread 0x0000019dd4bbacd0 Uncommon trap: reason=unstable_if action=reinterpret pc=0x0000019ddfc26260 method=java.util.jar.Attributes.read(Ljava/util/jar/Manifest$FastInputStream;[BLjava/lang/String;I)I @ 374 c2
Event: 0.280 Thread 0x0000019dd4bbacd0 DEOPT PACKING pc=0x0000019ddfc26260 sp=0x000000995d9fd9e0
Event: 0.280 Thread 0x0000019dd4bbacd0 DEOPT UNPACKING pc=0x0000019dd818d72e sp=0x000000995d9fd9d8 mode 2
Event: 0.287 Thread 0x0000019dd4bbacd0 Uncommon trap: trap_request=0xffffff45 fr.pc=0x0000019ddfc2b124 relative=0x0000000000000084
Event: 0.287 Thread 0x0000019dd4bbacd0 Uncommon trap: reason=unstable_if action=reinterpret pc=0x0000019ddfc2b124 method=java.util.jar.Manifest$FastInputStream.peek()B @ 8 c2
Event: 0.287 Thread 0x0000019dd4bbacd0 DEOPT PACKING pc=0x0000019ddfc2b124 sp=0x000000995d9fd8d0
Event: 0.287 Thread 0x0000019dd4bbacd0 DEOPT UNPACKING pc=0x0000019dd818d72e sp=0x000000995d9fd860 mode 2

Classes unloaded (0 events):
No events

Classes redefined (0 events):
No events

Internal exceptions (2 events):
Event: 0.247 Thread 0x0000019dd4bbacd0 Implicit null exception at 0x0000019ddfc1b0f7 to 0x0000019ddfc1b170
Event: 0.280 Thread 0x0000019dd4bbacd0 Implicit null exception at 0x0000019ddfc1b570 to 0x0000019ddfc1b5dc

Events (20 events):
Event: 0.321 loading class sun/security/provider/SHA
Event: 0.322 loading class sun/security/provider/DigestBase
Event: 0.322 loading class sun/security/provider/DigestBase done
Event: 0.322 loading class sun/security/provider/SHA done
Event: 0.322 loading class java/security/MessageDigest$Delegate
Event: 0.322 loading class sun/security/util/MessageDigestSpi2
Event: 0.322 loading class sun/security/util/MessageDigestSpi2 done
Event: 0.322 loading class java/security/MessageDigest$Delegate done
Event: 0.322 loading class java/security/MessageDigest$Delegate$CloneableDelegate
Event: 0.322 loading class java/security/MessageDigest$Delegate$CloneableDelegate done
Event: 0.322 loading class java/security/interfaces/DSAParams
Event: 0.322 loading class java/security/interfaces/DSAParams done
Event: 0.322 loading class java/security/spec/DSAParameterSpec
Event: 0.323 loading class java/security/spec/DSAParameterSpec done
Event: 0.323 loading class sun/security/provider/ByteArrayAccess
Event: 0.323 loading class sun/security/provider/ByteArrayAccess done
Event: 0.333 loading class java/math/MutableBigInteger
Event: 0.335 loading class java/math/MutableBigInteger done
Event: 0.335 loading class java/math/SignedMutableBigInteger
Event: 0.335 loading class java/math/SignedMutableBigInteger done


Dynamic libraries:
0x00007ff735f50000 - 0x00007ff735f5e000 	C:\Program Files\Java\eclipse\plugins\org.eclipse.justj.openjdk.hotspot.jre.full.win32.x86_64_16.0.2.v20210721-1149\jre\bin\javaw.exe
0x00007ffe372b0000 - 0x00007ffe374a5000 	C:\Windows\SYSTEM32\ntdll.dll
0x00007ffe36a70000 - 0x00007ffe36b2e000 	C:\Windows\System32\KERNEL32.DLL
0x00007ffe349d0000 - 0x00007ffe34c98000 	C:\Windows\System32\KERNELBASE.dll
0x00007ffe34e40000 - 0x00007ffe34f40000 	C:\Windows\System32\ucrtbase.dll
0x00007ffe2f8e0000 - 0x00007ffe2f8f9000 	C:\Program Files\Java\eclipse\plugins\org.eclipse.justj.openjdk.hotspot.jre.full.win32.x86_64_16.0.2.v20210721-1149\jre\bin\VCRUNTIME140.dll
0x00007ffe2de60000 - 0x00007ffe2de78000 	C:\Program Files\Java\eclipse\plugins\org.eclipse.justj.openjdk.hotspot.jre.full.win32.x86_64_16.0.2.v20210721-1149\jre\bin\jli.dll
0x00007ffe35330000 - 0x00007ffe354d1000 	C:\Windows\System32\USER32.dll
0x00007ffe34e10000 - 0x00007ffe34e32000 	C:\Windows\System32\win32u.dll
0x00007ffe27f70000 - 0x00007ffe2820a000 	C:\Windows\WinSxS\amd64_microsoft.windows.common-controls_6595b64144ccf1df_6.0.19041.1110_none_60b5254171f9507e\COMCTL32.dll
0x00007ffe35300000 - 0x00007ffe3532b000 	C:\Windows\System32\GDI32.dll
0x00007ffe354e0000 - 0x00007ffe3557e000 	C:\Windows\System32\msvcrt.dll
0x00007ffe34fe0000 - 0x00007ffe350eb000 	C:\Windows\System32\gdi32full.dll
0x00007ffe34f40000 - 0x00007ffe34fdd000 	C:\Windows\System32\msvcp_win.dll
0x00007ffe366a0000 - 0x00007ffe366d0000 	C:\Windows\System32\IMM32.DLL
0x00007ffe2de50000 - 0x00007ffe2de5c000 	C:\Program Files\Java\eclipse\plugins\org.eclipse.justj.openjdk.hotspot.jre.full.win32.x86_64_16.0.2.v20210721-1149\jre\bin\vcruntime140_1.dll
0x00007ffde3fb0000 - 0x00007ffde4041000 	C:\Program Files\Java\eclipse\plugins\org.eclipse.justj.openjdk.hotspot.jre.full.win32.x86_64_16.0.2.v20210721-1149\jre\bin\msvcp140.dll
0x00007ffdfd550000 - 0x00007ffdfe0fb000 	C:\Program Files\Java\eclipse\plugins\org.eclipse.justj.openjdk.hotspot.jre.full.win32.x86_64_16.0.2.v20210721-1149\jre\bin\server\jvm.dll
0x00007ffe35ab0000 - 0x00007ffe35b5c000 	C:\Windows\System32\ADVAPI32.dll
0x00007ffe357a0000 - 0x00007ffe3583b000 	C:\Windows\System32\sechost.dll
0x00007ffe35970000 - 0x00007ffe35a9a000 	C:\Windows\System32\RPCRT4.dll
0x00007ffe35aa0000 - 0x00007ffe35aa8000 	C:\Windows\System32\PSAPI.DLL
0x00007ffe158c0000 - 0x00007ffe158c9000 	C:\Windows\SYSTEM32\WSOCK32.dll
0x00007ffe28970000 - 0x00007ffe28997000 	C:\Windows\SYSTEM32\WINMM.dll
0x00007ffe36630000 - 0x00007ffe3669b000 	C:\Windows\System32\WS2_32.dll
0x00007ffe2e120000 - 0x00007ffe2e12a000 	C:\Windows\SYSTEM32\VERSION.dll
0x00007ffe33280000 - 0x00007ffe33292000 	C:\Windows\SYSTEM32\kernel.appcore.dll
0x00007ffe30530000 - 0x00007ffe3053a000 	C:\Program Files\Java\eclipse\plugins\org.eclipse.justj.openjdk.hotspot.jre.full.win32.x86_64_16.0.2.v20210721-1149\jre\bin\jimage.dll
0x00007ffe217a0000 - 0x00007ffe21984000 	C:\Windows\SYSTEM32\DBGHELP.DLL
0x00007ffe1ec40000 - 0x00007ffe1ec6c000 	C:\Windows\SYSTEM32\dbgcore.DLL
0x00007ffe34ca0000 - 0x00007ffe34d23000 	C:\Windows\System32\bcryptPrimitives.dll
0x00007ffe2f320000 - 0x00007ffe2f345000 	C:\Program Files\Java\eclipse\plugins\org.eclipse.justj.openjdk.hotspot.jre.full.win32.x86_64_16.0.2.v20210721-1149\jre\bin\java.dll
0x00007ffe2f540000 - 0x00007ffe2f558000 	C:\Program Files\Java\eclipse\plugins\org.eclipse.justj.openjdk.hotspot.jre.full.win32.x86_64_16.0.2.v20210721-1149\jre\bin\zip.dll
0x00007ffe36b30000 - 0x00007ffe3726f000 	C:\Windows\System32\SHELL32.dll
0x00007ffe329f0000 - 0x00007ffe33180000 	C:\Windows\SYSTEM32\windows.storage.dll
0x00007ffe35b60000 - 0x00007ffe35eb5000 	C:\Windows\System32\combase.dll
0x00007ffe34420000 - 0x00007ffe3444e000 	C:\Windows\SYSTEM32\Wldp.dll
0x00007ffe356f0000 - 0x00007ffe3579d000 	C:\Windows\System32\SHCORE.dll
0x00007ffe35840000 - 0x00007ffe35895000 	C:\Windows\System32\shlwapi.dll
0x00007ffe34910000 - 0x00007ffe3492f000 	C:\Windows\SYSTEM32\profapi.dll
0x00007ffe2f230000 - 0x00007ffe2f249000 	C:\Program Files\Java\eclipse\plugins\org.eclipse.justj.openjdk.hotspot.jre.full.win32.x86_64_16.0.2.v20210721-1149\jre\bin\net.dll
0x00007ffe2b870000 - 0x00007ffe2b97c000 	C:\Windows\SYSTEM32\WINHTTP.dll
0x00007ffe34180000 - 0x00007ffe341ea000 	C:\Windows\system32\mswsock.dll
0x00007ffe2f210000 - 0x00007ffe2f223000 	C:\Program Files\Java\eclipse\plugins\org.eclipse.justj.openjdk.hotspot.jre.full.win32.x86_64_16.0.2.v20210721-1149\jre\bin\nio.dll

dbghelp: loaded successfully - version: 4.0.5 - missing functions: none
symbol engine: initialized successfully - sym options: 0x614 - pdb path: .;C:\Program Files\Java\eclipse\plugins\org.eclipse.justj.openjdk.hotspot.jre.full.win32.x86_64_16.0.2.v20210721-1149\jre\bin;C:\Windows\SYSTEM32;C:\Windows\WinSxS\amd64_microsoft.windows.common-controls_6595b64144ccf1df_6.0.19041.1110_none_60b5254171f9507e;C:\Program Files\Java\eclipse\plugins\org.eclipse.justj.openjdk.hotspot.jre.full.win32.x86_64_16.0.2.v20210721-1149\jre\bin\server

VM Arguments:
jvm_args: -Dfile.encoding=Cp1252 -XX:+ShowCodeDetailsInExceptionMessages 
java_command: client.app.MainControllerGUI
java_class_path (initial): E:\Eclipse_2\Clientapplication\bin;E:\Eclipse_2\Clientapplication\lib\bcprov-jdk15on-160.jar;E:\Eclipse_2\Clientapplication\lib\httpclient-4.5.6.jar;E:\Eclipse_2\Clientapplication\lib\httpcore-4.4.10.jar;E:\Eclipse_2\Clientapplication\lib\gson-2.6.2.jar;E:\Eclipse_2\Clientapplication\lib\commons-logging-1.2.jar
Launcher Type: SUN_STANDARD

[Global flags]
     intx CICompilerCount                          = 4                                         {product} {ergonomic}
     uint ConcGCThreads                            = 2                                         {product} {ergonomic}
     uint G1ConcRefinementThreads                  = 8                                         {product} {ergonomic}
   size_t G1HeapRegionSize                         = 1048576                                   {product} {ergonomic}
    uintx GCDrainStackTargetSize                   = 64                                        {product} {ergonomic}
   size_t InitialHeapSize                          = 134217728                                 {product} {ergonomic}
   size_t MarkStackSize                            = 4194304                                   {product} {ergonomic}
   size_t MaxHeapSize                              = 2128609280                                {product} {ergonomic}
   size_t MaxNewSize                               = 1277165568                                {product} {ergonomic}
   size_t MinHeapDeltaBytes                        = 1048576                                   {product} {ergonomic}
   size_t MinHeapSize                              = 8388608                                   {product} {ergonomic}
    uintx NonNMethodCodeHeapSize                   = 5839372                                {pd product} {ergonomic}
    uintx NonProfiledCodeHeapSize                  = 122909434                              {pd product} {ergonomic}
    uintx ProfiledCodeHeapSize                     = 122909434                              {pd product} {ergonomic}
    uintx ReservedCodeCacheSize                    = 251658240                              {pd product} {ergonomic}
     bool SegmentedCodeCache                       = true                                      {product} {ergonomic}
     bool ShowCodeDetailsInExceptionMessages       = true                                   {manageable} {command line}
   size_t SoftMaxHeapSize                          = 2128609280                             {manageable} {ergonomic}
     bool UseCompressedClassPointers               = true                           {product lp64_product} {ergonomic}
     bool UseCompressedOops                        = true                           {product lp64_product} {ergonomic}
     bool UseG1GC                                  = true                                      {product} {ergonomic}
     bool UseLargePagesIndividualAllocation        = false                                  {pd product} {ergonomic}

Logging:
Log output configuration:
 #0: stdout all=warning uptime,level,tags
 #1: stderr all=off uptime,level,tags

Environment Variables:
JAVA_HOME=C:\Program Files\Java\jdk-17.0.1
PATH=C:/Program Files/Java/eclipse//plugins/org.eclipse.justj.openjdk.hotspot.jre.full.win32.x86_64_16.0.2.v20210721-1149/jre/bin/server;C:/Program Files/Java/eclipse//plugins/org.eclipse.justj.openjdk.hotspot.jre.full.win32.x86_64_16.0.2.v20210721-1149/jre/bin;"C:\Program Files\Java\jdk-17.0.1\bin;C:\Program Files\Common Files\Oracle\Java\javapath";C:\Windows\system32;C:\Windows;C:\Windows\System32\Wbem;C:\Windows\System32\WindowsPowerShell\v1.0\;C:\Windows\System32\OpenSSH\;C:\MinGW\bin;E:\MATLAB\runtime\win64;E:\MATLAB\bin;E:\MATLAB\polyspace\bin;C:\Program Files\Git\cmd;C:\Program Files\Microsoft SQL Server\Client SDK\ODBC\170\Tools\Binn\;C:\Program Files (x86)\Microsoft SQL Server\150\Tools\Binn\;C:\Program Files\Microsoft SQL Server\150\Tools\Binn\;C:\Program Files\Microsoft SQL Server\150\DTS\Binn\;C:\Program Files\Azure Data Studio\bin;C:\Program Files (x86)\Microsoft SQL Server\150\DTS\Binn\;C:\MinGW\bin;C:\Program Files\Microsoft SQL Server\130\Tools\Binn\;C:\Program Files\Go\bin;C:\Program Files\MySQL\MySQL Shell 8.0\bin\;C:\Users\admin\AppData\Local\Programs\Python\Python39\Scripts\;C:\Users\admin\AppData\Local\Programs\Python\Python39\;C:\Users\admin\AppData\Local\Microsoft\WindowsApps;C:\Users\admin\AppData\Local\GitHubDesktop\bin;C:\Program Files\Azure Data Studio\bin;C:\Users\admin\AppData\Local\Programs\Microsoft VS Code\bin;C:\Program Files (x86)\Dev-Cpp\MinGW64\bin;C:\Users\admin\go\bin;C:\Program Files\Java\eclipse;
USERNAME=admin
OS=Windows_NT
PROCESSOR_IDENTIFIER=Intel64 Family 6 Model 60 Stepping 3, GenuineIntel



---------------  S Y S T E M  ---------------

OS:
 Windows 10 , 64 bit Build 19041 (10.0.19041.1348)
OS uptime: 0 days 9:59 hours

CPU: total 8 (initial active 8) (4 cores per cpu, 2 threads per core) family 6 model 60 stepping 3 microcode 0x27, cx8, cmov, fxsr, ht, mmx, sse, sse2, sse3, ssse3, sse4.1, sse4.2, popcnt, lzcnt, tsc, tscinvbit, avx, avx2, aes, erms, clmul, bmi1, bmi2, fma, vzeroupper, clflush

Memory: 4k page, system-wide physical 8112M (625M free)
TotalPageFile size 12208M (AvailPageFile size 5M)
current process WorkingSet (physical memory assigned to process): 61M, peak: 61M
current process commit charge ("private bytes"): 218M, peak: 218M

vm_info: OpenJDK 64-Bit Server VM (16.0.2+7-67) for windows-amd64 JRE (16.0.2+7-67), built on Jun  8 2021 23:21:43 by "mach5one" with MS VC++ 16.7 (VS2019)

END.
