#
# There is insufficient memory for the Java Runtime Environment to continue.
# Native memory allocation (mmap) failed to map 65536 bytes for Failed to commit metaspace.
# Possible reasons:
#   The system is out of physical RAM or swap space
#   The process is running with CompressedOops enabled, and the Java Heap may be blocking the growth of the native heap
# Possible solutions:
#   Reduce memory load on the system
#   Increase physical memory or swap space
#   Check if swap backing store is full
#   Decrease Java heap size (-Xmx/-Xms)
#   Decrease number of Java threads
#   Decrease Java thread stack sizes (-Xss)
#   Set larger code cache with -XX:ReservedCodeCacheSize=
#   JVM is running with Unscaled Compressed Oops mode in which the Java heap is
#     placed in the first 4GB address space. The Java Heap base address is the
#     maximum limit for the native heap growth. Please use -XX:HeapBaseMinAddress
#     to set the Java Heap base and to place the Java Heap above 4GB virtual address.
# This output file may be truncated or incomplete.
#
#  Out of Memory Error (virtualSpaceNode.cpp:110), pid=8580, tid=15456
#
# JRE version: Java(TM) SE Runtime Environment (17.0.1+12) (build 17.0.1+12-LTS-39)
# Java VM: Java HotSpot(TM) 64-Bit Server VM (17.0.1+12-LTS-39, mixed mode, sharing, tiered, compressed oops, compressed class ptrs, g1 gc, windows-amd64)
# No core dump will be written. Minidumps are not enabled by default on client versions of Windows
#

---------------  S U M M A R Y ------------

Command Line: -Dfile.encoding=Cp1252 -XX:+ShowCodeDetailsInExceptionMessages client.app.MainControllerGUI

Host: Intel(R) Core(TM) i7-4700HQ CPU @ 2.40GHz, 8 cores, 7G,  Windows 10 , 64 bit Build 19041 (10.0.19041.1348)
Time: Mon Nov 29 10:44:51 2021 SE Asia Standard Time elapsed time: 1.428868 seconds (0d 0h 0m 1s)

---------------  T H R E A D  ---------------

Current thread (0x000002a5cf3ddab0):  JavaThread "main" [_thread_in_vm, id=15456, stack(0x000000d698a00000,0x000000d698b00000)]

Stack: [0x000000d698a00000,0x000000d698b00000]
Native frames: (J=compiled Java code, j=interpreted, Vv=VM code, C=native code)
V  [jvm.dll+0x66fa1a]
V  [jvm.dll+0x7ce5a4]
V  [jvm.dll+0x7cfd4e]
V  [jvm.dll+0x7d03b3]
V  [jvm.dll+0x242b05]
V  [jvm.dll+0x7ca54b]
V  [jvm.dll+0x615b76]
V  [jvm.dll+0x1be19e]
V  [jvm.dll+0x6184b1]
V  [jvm.dll+0x616516]
V  [jvm.dll+0x238496]
V  [jvm.dll+0x1e87ad]
V  [jvm.dll+0x1de1f1]
V  [jvm.dll+0x537690]
V  [jvm.dll+0x7496c8]
V  [jvm.dll+0x7497b4]
V  [jvm.dll+0x408995]
V  [jvm.dll+0x40e9e8]
C  [java.dll+0x17ec]

Java frames: (J=compiled Java code, j=interpreted, Vv=VM code)
j  java.lang.ClassLoader.defineClass1(Ljava/lang/ClassLoader;Ljava/lang/String;[BIILjava/security/ProtectionDomain;Ljava/lang/String;)Ljava/lang/Class;+0 java.base@17.0.1
j  java.lang.ClassLoader.defineClass(Ljava/lang/String;[BIILjava/security/ProtectionDomain;)Ljava/lang/Class;+27 java.base@17.0.1
j  java.security.SecureClassLoader.defineClass(Ljava/lang/String;[BIILjava/security/CodeSource;)Ljava/lang/Class;+12 java.base@17.0.1
j  jdk.internal.loader.BuiltinClassLoader.defineClass(Ljava/lang/String;Ljdk/internal/loader/Resource;)Ljava/lang/Class;+117 java.base@17.0.1
J 1127 c1 jdk.internal.loader.BuiltinClassLoader.findClassOnClassPathOrNull(Ljava/lang/String;)Ljava/lang/Class; java.base@17.0.1 (64 bytes) @ 0x000002a5d7388cdc [0x000002a5d7387c60+0x000000000000107c]
J 696 c1 jdk.internal.loader.BuiltinClassLoader.loadClassOrNull(Ljava/lang/String;Z)Ljava/lang/Class; java.base@17.0.1 (143 bytes) @ 0x000002a5d72bddcc [0x000002a5d72bcec0+0x0000000000000f0c]
J 1129 c1 jdk.internal.loader.BuiltinClassLoader.loadClass(Ljava/lang/String;Z)Ljava/lang/Class; java.base@17.0.1 (22 bytes) @ 0x000002a5d7389fcc [0x000002a5d7389ec0+0x000000000000010c]
j  jdk.internal.loader.ClassLoaders$AppClassLoader.loadClass(Ljava/lang/String;Z)Ljava/lang/Class;+36 java.base@17.0.1
J 1033 c1 java.lang.ClassLoader.loadClass(Ljava/lang/String;)Ljava/lang/Class; java.base@17.0.1 (7 bytes) @ 0x000002a5d7352dcc [0x000002a5d7352cc0+0x000000000000010c]
v  ~StubRoutines::call_stub
j  client.app.httpInterface.HttpClientAuthenticationAuthorization.ECQVregistration()V+46
j  client.app.MainControllerGUI.main([Ljava/lang/String;)V+0
v  ~StubRoutines::call_stub

---------------  P R O C E S S  ---------------

Threads class SMR info:
_java_thread_list=0x000002a5ee5d77d0, length=13, elements={
0x000002a5cf3ddab0, 0x000002a5ed4679a0, 0x000002a5ed468950, 0x000002a5ed47ad40,
0x000002a5ed47d800, 0x000002a5ed481200, 0x000002a5ed47fc30, 0x000002a5ed48c210,
0x000002a5ed48dc10, 0x000002a5ed498de0, 0x000002a5ee0a3960, 0x000002a5ee0a6a80,
0x000002a5ee1c7840
}

Java Threads: ( => current thread )
=>0x000002a5cf3ddab0 JavaThread "main" [_thread_in_vm, id=15456, stack(0x000000d698a00000,0x000000d698b00000)]
  0x000002a5ed4679a0 JavaThread "Reference Handler" daemon [_thread_blocked, id=1588, stack(0x000000d699100000,0x000000d699200000)]
  0x000002a5ed468950 JavaThread "Finalizer" daemon [_thread_blocked, id=18204, stack(0x000000d699200000,0x000000d699300000)]
  0x000002a5ed47ad40 JavaThread "Signal Dispatcher" daemon [_thread_blocked, id=2888, stack(0x000000d699300000,0x000000d699400000)]
  0x000002a5ed47d800 JavaThread "Attach Listener" daemon [_thread_blocked, id=19332, stack(0x000000d699400000,0x000000d699500000)]
  0x000002a5ed481200 JavaThread "Service Thread" daemon [_thread_blocked, id=15940, stack(0x000000d699500000,0x000000d699600000)]
  0x000002a5ed47fc30 JavaThread "Monitor Deflation Thread" daemon [_thread_blocked, id=3284, stack(0x000000d699600000,0x000000d699700000)]
  0x000002a5ed48c210 JavaThread "C2 CompilerThread0" daemon [_thread_blocked, id=1460, stack(0x000000d699700000,0x000000d699800000)]
  0x000002a5ed48dc10 JavaThread "C1 CompilerThread0" daemon [_thread_blocked, id=7736, stack(0x000000d699800000,0x000000d699900000)]
  0x000002a5ed498de0 JavaThread "Sweeper thread" daemon [_thread_blocked, id=2840, stack(0x000000d699900000,0x000000d699a00000)]
  0x000002a5ee0a3960 JavaThread "Notification Thread" daemon [_thread_blocked, id=504, stack(0x000000d699a00000,0x000000d699b00000)]
  0x000002a5ee0a6a80 JavaThread "Common-Cleaner" daemon [_thread_blocked, id=12712, stack(0x000000d699c00000,0x000000d699d00000)]
  0x000002a5ee1c7840 JavaThread "C2 CompilerThread1" daemon [_thread_blocked, id=10048, stack(0x000000d699d00000,0x000000d699e00000)]

Other Threads:
  0x000002a5ed4624e0 VMThread "VM Thread" [stack: 0x000000d699000000,0x000000d699100000] [id=15024]
  0x000002a5ee0a5e40 WatcherThread [stack: 0x000000d699b00000,0x000000d699c00000] [id=14916]
  0x000002a5cf41c2d0 GCTaskThread "GC Thread#0" [stack: 0x000000d698b00000,0x000000d698c00000] [id=17836]
  0x000002a5ee7df6a0 GCTaskThread "GC Thread#1" [stack: 0x000000d699e00000,0x000000d699f00000] [id=11640]
  0x000002a5ee957790 GCTaskThread "GC Thread#2" [stack: 0x000000d699f00000,0x000000d69a000000] [id=17764]
  0x000002a5ee718390 GCTaskThread "GC Thread#3" [stack: 0x000000d69a000000,0x000000d69a100000] [id=14740]
  0x000002a5eebfec60 GCTaskThread "GC Thread#4" [stack: 0x000000d69a100000,0x000000d69a200000] [id=5240]
  0x000002a5ee320470 GCTaskThread "GC Thread#5" [stack: 0x000000d69a200000,0x000000d69a300000] [id=20312]
  0x000002a5ee340260 GCTaskThread "GC Thread#6" [stack: 0x000000d69a300000,0x000000d69a400000] [id=8412]
  0x000002a5cf42d770 ConcurrentGCThread "G1 Main Marker" [stack: 0x000000d698c00000,0x000000d698d00000] [id=4268]
  0x000002a5cf42e180 ConcurrentGCThread "G1 Conc#0" [stack: 0x000000d698d00000,0x000000d698e00000] [id=19068]
  0x000002a5cf4b88b0 ConcurrentGCThread "G1 Refine#0" [stack: 0x000000d698e00000,0x000000d698f00000] [id=10764]
  0x000002a5cf4b92d0 ConcurrentGCThread "G1 Service" [stack: 0x000000d698f00000,0x000000d699000000] [id=13716]

Threads with active compile tasks:

VM state: not at safepoint (normal execution)

VM Mutex/Monitor currently owned by a thread:  ([mutex/lock_event])
[0x000002a5cf3d7860] Metaspace_lock - owner thread: 0x000002a5cf3ddab0

Heap address: 0x0000000081200000, size: 2030 MB, Compressed Oops mode: 32-bit

CDS archive(s) mapped at: [0x0000000800000000-0x0000000800bc0000-0x0000000800bc0000), size 12320768, SharedBaseAddress: 0x0000000800000000, ArchiveRelocationMode: 0.
Compressed class space mapped at: 0x0000000800c00000-0x0000000840c00000, reserved size: 1073741824
Narrow klass base: 0x0000000800000000, Narrow klass shift: 0, Narrow klass range: 0x100000000

GC Precious Log:
 CPUs: 8 total, 8 available
 Memory: 8112M
 Large Page Support: Disabled
 NUMA Support: Disabled
 Compressed Oops: Enabled (32-bit)
 Heap Region Size: 1M
 Heap Min Capacity: 8M
 Heap Initial Capacity: 128M
 Heap Max Capacity: 2030M
 Pre-touch: Disabled
 Parallel Workers: 8
 Concurrent Workers: 2
 Concurrent Refinement Workers: 8
 Periodic GC: Disabled

Heap:
 garbage-first heap   total 131072K, used 11129K [0x0000000081200000, 0x0000000100000000)
  region size 1024K, 10 young (10240K), 3 survivors (3072K)
 Metaspace       used 6586K, committed 6720K, reserved 1056768K
  class space    used 692K, committed 768K, reserved 1048576K

Heap Regions: E=young(eden), S=young(survivor), O=old, HS=humongous(starts), HC=humongous(continues), CS=collection set, F=free, OA=open archive, CA=closed archive, TAMS=top-at-mark-start (previous, next)
|   0|0x0000000081200000, 0x0000000081300000, 0x0000000081300000|100%| O|  |TAMS 0x0000000081200000, 0x0000000081200000| Untracked 
|   1|0x0000000081300000, 0x00000000813de600, 0x0000000081400000| 86%| O|  |TAMS 0x0000000081300000, 0x0000000081300000| Untracked 
|   2|0x0000000081400000, 0x0000000081400000, 0x0000000081500000|  0%| F|  |TAMS 0x0000000081400000, 0x0000000081400000| Untracked 
|   3|0x0000000081500000, 0x0000000081500000, 0x0000000081600000|  0%| F|  |TAMS 0x0000000081500000, 0x0000000081500000| Untracked 
|   4|0x0000000081600000, 0x0000000081600000, 0x0000000081700000|  0%| F|  |TAMS 0x0000000081600000, 0x0000000081600000| Untracked 
|   5|0x0000000081700000, 0x0000000081700000, 0x0000000081800000|  0%| F|  |TAMS 0x0000000081700000, 0x0000000081700000| Untracked 
|   6|0x0000000081800000, 0x0000000081800000, 0x0000000081900000|  0%| F|  |TAMS 0x0000000081800000, 0x0000000081800000| Untracked 
|   7|0x0000000081900000, 0x0000000081900000, 0x0000000081a00000|  0%| F|  |TAMS 0x0000000081900000, 0x0000000081900000| Untracked 
|   8|0x0000000081a00000, 0x0000000081a00000, 0x0000000081b00000|  0%| F|  |TAMS 0x0000000081a00000, 0x0000000081a00000| Untracked 
|   9|0x0000000081b00000, 0x0000000081b00000, 0x0000000081c00000|  0%| F|  |TAMS 0x0000000081b00000, 0x0000000081b00000| Untracked 
|  10|0x0000000081c00000, 0x0000000081c00000, 0x0000000081d00000|  0%| F|  |TAMS 0x0000000081c00000, 0x0000000081c00000| Untracked 
|  11|0x0000000081d00000, 0x0000000081d00000, 0x0000000081e00000|  0%| F|  |TAMS 0x0000000081d00000, 0x0000000081d00000| Untracked 
|  12|0x0000000081e00000, 0x0000000081e00000, 0x0000000081f00000|  0%| F|  |TAMS 0x0000000081e00000, 0x0000000081e00000| Untracked 
|  13|0x0000000081f00000, 0x0000000081f00000, 0x0000000082000000|  0%| F|  |TAMS 0x0000000081f00000, 0x0000000081f00000| Untracked 
|  14|0x0000000082000000, 0x0000000082000000, 0x0000000082100000|  0%| F|  |TAMS 0x0000000082000000, 0x0000000082000000| Untracked 
|  15|0x0000000082100000, 0x0000000082100000, 0x0000000082200000|  0%| F|  |TAMS 0x0000000082100000, 0x0000000082100000| Untracked 
|  16|0x0000000082200000, 0x0000000082200000, 0x0000000082300000|  0%| F|  |TAMS 0x0000000082200000, 0x0000000082200000| Untracked 
|  17|0x0000000082300000, 0x0000000082300000, 0x0000000082400000|  0%| F|  |TAMS 0x0000000082300000, 0x0000000082300000| Untracked 
|  18|0x0000000082400000, 0x0000000082400000, 0x0000000082500000|  0%| F|  |TAMS 0x0000000082400000, 0x0000000082400000| Untracked 
|  19|0x0000000082500000, 0x0000000082500000, 0x0000000082600000|  0%| F|  |TAMS 0x0000000082500000, 0x0000000082500000| Untracked 
|  20|0x0000000082600000, 0x0000000082600000, 0x0000000082700000|  0%| F|  |TAMS 0x0000000082600000, 0x0000000082600000| Untracked 
|  21|0x0000000082700000, 0x0000000082700000, 0x0000000082800000|  0%| F|  |TAMS 0x0000000082700000, 0x0000000082700000| Untracked 
|  22|0x0000000082800000, 0x0000000082800000, 0x0000000082900000|  0%| F|  |TAMS 0x0000000082800000, 0x0000000082800000| Untracked 
|  23|0x0000000082900000, 0x0000000082900000, 0x0000000082a00000|  0%| F|  |TAMS 0x0000000082900000, 0x0000000082900000| Untracked 
|  24|0x0000000082a00000, 0x0000000082a00000, 0x0000000082b00000|  0%| F|  |TAMS 0x0000000082a00000, 0x0000000082a00000| Untracked 
|  25|0x0000000082b00000, 0x0000000082b00000, 0x0000000082c00000|  0%| F|  |TAMS 0x0000000082b00000, 0x0000000082b00000| Untracked 
|  26|0x0000000082c00000, 0x0000000082c00000, 0x0000000082d00000|  0%| F|  |TAMS 0x0000000082c00000, 0x0000000082c00000| Untracked 
|  27|0x0000000082d00000, 0x0000000082d00000, 0x0000000082e00000|  0%| F|  |TAMS 0x0000000082d00000, 0x0000000082d00000| Untracked 
|  28|0x0000000082e00000, 0x0000000082e00000, 0x0000000082f00000|  0%| F|  |TAMS 0x0000000082e00000, 0x0000000082e00000| Untracked 
|  29|0x0000000082f00000, 0x0000000082f00000, 0x0000000083000000|  0%| F|  |TAMS 0x0000000082f00000, 0x0000000082f00000| Untracked 
|  30|0x0000000083000000, 0x0000000083000000, 0x0000000083100000|  0%| F|  |TAMS 0x0000000083000000, 0x0000000083000000| Untracked 
|  31|0x0000000083100000, 0x0000000083100000, 0x0000000083200000|  0%| F|  |TAMS 0x0000000083100000, 0x0000000083100000| Untracked 
|  32|0x0000000083200000, 0x0000000083200000, 0x0000000083300000|  0%| F|  |TAMS 0x0000000083200000, 0x0000000083200000| Untracked 
|  33|0x0000000083300000, 0x0000000083300000, 0x0000000083400000|  0%| F|  |TAMS 0x0000000083300000, 0x0000000083300000| Untracked 
|  34|0x0000000083400000, 0x0000000083400000, 0x0000000083500000|  0%| F|  |TAMS 0x0000000083400000, 0x0000000083400000| Untracked 
|  35|0x0000000083500000, 0x0000000083500000, 0x0000000083600000|  0%| F|  |TAMS 0x0000000083500000, 0x0000000083500000| Untracked 
|  36|0x0000000083600000, 0x0000000083600000, 0x0000000083700000|  0%| F|  |TAMS 0x0000000083600000, 0x0000000083600000| Untracked 
|  37|0x0000000083700000, 0x0000000083700000, 0x0000000083800000|  0%| F|  |TAMS 0x0000000083700000, 0x0000000083700000| Untracked 
|  38|0x0000000083800000, 0x0000000083800000, 0x0000000083900000|  0%| F|  |TAMS 0x0000000083800000, 0x0000000083800000| Untracked 
|  39|0x0000000083900000, 0x0000000083900000, 0x0000000083a00000|  0%| F|  |TAMS 0x0000000083900000, 0x0000000083900000| Untracked 
|  40|0x0000000083a00000, 0x0000000083a00000, 0x0000000083b00000|  0%| F|  |TAMS 0x0000000083a00000, 0x0000000083a00000| Untracked 
|  41|0x0000000083b00000, 0x0000000083b00000, 0x0000000083c00000|  0%| F|  |TAMS 0x0000000083b00000, 0x0000000083b00000| Untracked 
|  42|0x0000000083c00000, 0x0000000083c00000, 0x0000000083d00000|  0%| F|  |TAMS 0x0000000083c00000, 0x0000000083c00000| Untracked 
|  43|0x0000000083d00000, 0x0000000083d00000, 0x0000000083e00000|  0%| F|  |TAMS 0x0000000083d00000, 0x0000000083d00000| Untracked 
|  44|0x0000000083e00000, 0x0000000083e00000, 0x0000000083f00000|  0%| F|  |TAMS 0x0000000083e00000, 0x0000000083e00000| Untracked 
|  45|0x0000000083f00000, 0x0000000083f00000, 0x0000000084000000|  0%| F|  |TAMS 0x0000000083f00000, 0x0000000083f00000| Untracked 
|  46|0x0000000084000000, 0x0000000084000000, 0x0000000084100000|  0%| F|  |TAMS 0x0000000084000000, 0x0000000084000000| Untracked 
|  47|0x0000000084100000, 0x0000000084100000, 0x0000000084200000|  0%| F|  |TAMS 0x0000000084100000, 0x0000000084100000| Untracked 
|  48|0x0000000084200000, 0x0000000084200000, 0x0000000084300000|  0%| F|  |TAMS 0x0000000084200000, 0x0000000084200000| Untracked 
|  49|0x0000000084300000, 0x0000000084300000, 0x0000000084400000|  0%| F|  |TAMS 0x0000000084300000, 0x0000000084300000| Untracked 
|  50|0x0000000084400000, 0x0000000084400000, 0x0000000084500000|  0%| F|  |TAMS 0x0000000084400000, 0x0000000084400000| Untracked 
|  51|0x0000000084500000, 0x0000000084500000, 0x0000000084600000|  0%| F|  |TAMS 0x0000000084500000, 0x0000000084500000| Untracked 
|  52|0x0000000084600000, 0x0000000084600000, 0x0000000084700000|  0%| F|  |TAMS 0x0000000084600000, 0x0000000084600000| Untracked 
|  53|0x0000000084700000, 0x0000000084700000, 0x0000000084800000|  0%| F|  |TAMS 0x0000000084700000, 0x0000000084700000| Untracked 
|  54|0x0000000084800000, 0x0000000084800000, 0x0000000084900000|  0%| F|  |TAMS 0x0000000084800000, 0x0000000084800000| Untracked 
|  55|0x0000000084900000, 0x0000000084900000, 0x0000000084a00000|  0%| F|  |TAMS 0x0000000084900000, 0x0000000084900000| Untracked 
|  56|0x0000000084a00000, 0x0000000084a00000, 0x0000000084b00000|  0%| F|  |TAMS 0x0000000084a00000, 0x0000000084a00000| Untracked 
|  57|0x0000000084b00000, 0x0000000084b00000, 0x0000000084c00000|  0%| F|  |TAMS 0x0000000084b00000, 0x0000000084b00000| Untracked 
|  58|0x0000000084c00000, 0x0000000084c00000, 0x0000000084d00000|  0%| F|  |TAMS 0x0000000084c00000, 0x0000000084c00000| Untracked 
|  59|0x0000000084d00000, 0x0000000084d00000, 0x0000000084e00000|  0%| F|  |TAMS 0x0000000084d00000, 0x0000000084d00000| Untracked 
|  60|0x0000000084e00000, 0x0000000084e00000, 0x0000000084f00000|  0%| F|  |TAMS 0x0000000084e00000, 0x0000000084e00000| Untracked 
|  61|0x0000000084f00000, 0x0000000084f00000, 0x0000000085000000|  0%| F|  |TAMS 0x0000000084f00000, 0x0000000084f00000| Untracked 
|  62|0x0000000085000000, 0x0000000085000000, 0x0000000085100000|  0%| F|  |TAMS 0x0000000085000000, 0x0000000085000000| Untracked 
|  63|0x0000000085100000, 0x0000000085100000, 0x0000000085200000|  0%| F|  |TAMS 0x0000000085100000, 0x0000000085100000| Untracked 
|  64|0x0000000085200000, 0x0000000085200000, 0x0000000085300000|  0%| F|  |TAMS 0x0000000085200000, 0x0000000085200000| Untracked 
|  65|0x0000000085300000, 0x0000000085300000, 0x0000000085400000|  0%| F|  |TAMS 0x0000000085300000, 0x0000000085300000| Untracked 
|  66|0x0000000085400000, 0x0000000085400000, 0x0000000085500000|  0%| F|  |TAMS 0x0000000085400000, 0x0000000085400000| Untracked 
|  67|0x0000000085500000, 0x0000000085500000, 0x0000000085600000|  0%| F|  |TAMS 0x0000000085500000, 0x0000000085500000| Untracked 
|  68|0x0000000085600000, 0x0000000085600000, 0x0000000085700000|  0%| F|  |TAMS 0x0000000085600000, 0x0000000085600000| Untracked 
|  69|0x0000000085700000, 0x0000000085700000, 0x0000000085800000|  0%| F|  |TAMS 0x0000000085700000, 0x0000000085700000| Untracked 
|  70|0x0000000085800000, 0x0000000085800000, 0x0000000085900000|  0%| F|  |TAMS 0x0000000085800000, 0x0000000085800000| Untracked 
|  71|0x0000000085900000, 0x0000000085900000, 0x0000000085a00000|  0%| F|  |TAMS 0x0000000085900000, 0x0000000085900000| Untracked 
|  72|0x0000000085a00000, 0x0000000085a00000, 0x0000000085b00000|  0%| F|  |TAMS 0x0000000085a00000, 0x0000000085a00000| Untracked 
|  73|0x0000000085b00000, 0x0000000085b00000, 0x0000000085c00000|  0%| F|  |TAMS 0x0000000085b00000, 0x0000000085b00000| Untracked 
|  74|0x0000000085c00000, 0x0000000085c00000, 0x0000000085d00000|  0%| F|  |TAMS 0x0000000085c00000, 0x0000000085c00000| Untracked 
|  75|0x0000000085d00000, 0x0000000085d00000, 0x0000000085e00000|  0%| F|  |TAMS 0x0000000085d00000, 0x0000000085d00000| Untracked 
|  76|0x0000000085e00000, 0x0000000085e00000, 0x0000000085f00000|  0%| F|  |TAMS 0x0000000085e00000, 0x0000000085e00000| Untracked 
|  77|0x0000000085f00000, 0x0000000085f00000, 0x0000000086000000|  0%| F|  |TAMS 0x0000000085f00000, 0x0000000085f00000| Untracked 
|  78|0x0000000086000000, 0x0000000086000000, 0x0000000086100000|  0%| F|  |TAMS 0x0000000086000000, 0x0000000086000000| Untracked 
|  79|0x0000000086100000, 0x0000000086100000, 0x0000000086200000|  0%| F|  |TAMS 0x0000000086100000, 0x0000000086100000| Untracked 
|  80|0x0000000086200000, 0x0000000086200000, 0x0000000086300000|  0%| F|  |TAMS 0x0000000086200000, 0x0000000086200000| Untracked 
|  81|0x0000000086300000, 0x0000000086300000, 0x0000000086400000|  0%| F|  |TAMS 0x0000000086300000, 0x0000000086300000| Untracked 
|  82|0x0000000086400000, 0x0000000086400000, 0x0000000086500000|  0%| F|  |TAMS 0x0000000086400000, 0x0000000086400000| Untracked 
|  83|0x0000000086500000, 0x0000000086500000, 0x0000000086600000|  0%| F|  |TAMS 0x0000000086500000, 0x0000000086500000| Untracked 
|  84|0x0000000086600000, 0x0000000086600000, 0x0000000086700000|  0%| F|  |TAMS 0x0000000086600000, 0x0000000086600000| Untracked 
|  85|0x0000000086700000, 0x0000000086700000, 0x0000000086800000|  0%| F|  |TAMS 0x0000000086700000, 0x0000000086700000| Untracked 
|  86|0x0000000086800000, 0x0000000086800000, 0x0000000086900000|  0%| F|  |TAMS 0x0000000086800000, 0x0000000086800000| Untracked 
|  87|0x0000000086900000, 0x0000000086900000, 0x0000000086a00000|  0%| F|  |TAMS 0x0000000086900000, 0x0000000086900000| Untracked 
|  88|0x0000000086a00000, 0x0000000086a00000, 0x0000000086b00000|  0%| F|  |TAMS 0x0000000086a00000, 0x0000000086a00000| Untracked 
|  89|0x0000000086b00000, 0x0000000086b00000, 0x0000000086c00000|  0%| F|  |TAMS 0x0000000086b00000, 0x0000000086b00000| Untracked 
|  90|0x0000000086c00000, 0x0000000086c00000, 0x0000000086d00000|  0%| F|  |TAMS 0x0000000086c00000, 0x0000000086c00000| Untracked 
|  91|0x0000000086d00000, 0x0000000086d00000, 0x0000000086e00000|  0%| F|  |TAMS 0x0000000086d00000, 0x0000000086d00000| Untracked 
|  92|0x0000000086e00000, 0x0000000086e00000, 0x0000000086f00000|  0%| F|  |TAMS 0x0000000086e00000, 0x0000000086e00000| Untracked 
|  93|0x0000000086f00000, 0x0000000086f00000, 0x0000000087000000|  0%| F|  |TAMS 0x0000000086f00000, 0x0000000086f00000| Untracked 
|  94|0x0000000087000000, 0x0000000087000000, 0x0000000087100000|  0%| F|  |TAMS 0x0000000087000000, 0x0000000087000000| Untracked 
|  95|0x0000000087100000, 0x0000000087100000, 0x0000000087200000|  0%| F|  |TAMS 0x0000000087100000, 0x0000000087100000| Untracked 
|  96|0x0000000087200000, 0x0000000087200000, 0x0000000087300000|  0%| F|  |TAMS 0x0000000087200000, 0x0000000087200000| Untracked 
|  97|0x0000000087300000, 0x0000000087300000, 0x0000000087400000|  0%| F|  |TAMS 0x0000000087300000, 0x0000000087300000| Untracked 
|  98|0x0000000087400000, 0x0000000087400000, 0x0000000087500000|  0%| F|  |TAMS 0x0000000087400000, 0x0000000087400000| Untracked 
|  99|0x0000000087500000, 0x0000000087500000, 0x0000000087600000|  0%| F|  |TAMS 0x0000000087500000, 0x0000000087500000| Untracked 
| 100|0x0000000087600000, 0x0000000087600000, 0x0000000087700000|  0%| F|  |TAMS 0x0000000087600000, 0x0000000087600000| Untracked 
| 101|0x0000000087700000, 0x0000000087700000, 0x0000000087800000|  0%| F|  |TAMS 0x0000000087700000, 0x0000000087700000| Untracked 
| 102|0x0000000087800000, 0x0000000087900000, 0x0000000087900000|100%| S|CS|TAMS 0x0000000087800000, 0x0000000087800000| Complete 
| 103|0x0000000087900000, 0x0000000087a00000, 0x0000000087a00000|100%| S|CS|TAMS 0x0000000087900000, 0x0000000087900000| Complete 
| 104|0x0000000087a00000, 0x0000000087b00000, 0x0000000087b00000|100%| S|CS|TAMS 0x0000000087a00000, 0x0000000087a00000| Complete 
| 105|0x0000000087b00000, 0x0000000087b00000, 0x0000000087c00000|  0%| F|  |TAMS 0x0000000087b00000, 0x0000000087b00000| Untracked 
| 106|0x0000000087c00000, 0x0000000087c00000, 0x0000000087d00000|  0%| F|  |TAMS 0x0000000087c00000, 0x0000000087c00000| Untracked 
| 107|0x0000000087d00000, 0x0000000087d00000, 0x0000000087e00000|  0%| F|  |TAMS 0x0000000087d00000, 0x0000000087d00000| Untracked 
| 108|0x0000000087e00000, 0x0000000087e00000, 0x0000000087f00000|  0%| F|  |TAMS 0x0000000087e00000, 0x0000000087e00000| Untracked 
| 109|0x0000000087f00000, 0x0000000087f00000, 0x0000000088000000|  0%| F|  |TAMS 0x0000000087f00000, 0x0000000087f00000| Untracked 
| 110|0x0000000088000000, 0x0000000088000000, 0x0000000088100000|  0%| F|  |TAMS 0x0000000088000000, 0x0000000088000000| Untracked 
| 111|0x0000000088100000, 0x0000000088100000, 0x0000000088200000|  0%| F|  |TAMS 0x0000000088100000, 0x0000000088100000| Untracked 
| 112|0x0000000088200000, 0x0000000088200000, 0x0000000088300000|  0%| F|  |TAMS 0x0000000088200000, 0x0000000088200000| Untracked 
| 113|0x0000000088300000, 0x0000000088300000, 0x0000000088400000|  0%| F|  |TAMS 0x0000000088300000, 0x0000000088300000| Untracked 
| 114|0x0000000088400000, 0x0000000088400000, 0x0000000088500000|  0%| F|  |TAMS 0x0000000088400000, 0x0000000088400000| Untracked 
| 115|0x0000000088500000, 0x0000000088500000, 0x0000000088600000|  0%| F|  |TAMS 0x0000000088500000, 0x0000000088500000| Untracked 
| 116|0x0000000088600000, 0x0000000088600000, 0x0000000088700000|  0%| F|  |TAMS 0x0000000088600000, 0x0000000088600000| Untracked 
| 117|0x0000000088700000, 0x0000000088700000, 0x0000000088800000|  0%| F|  |TAMS 0x0000000088700000, 0x0000000088700000| Untracked 
| 118|0x0000000088800000, 0x0000000088800000, 0x0000000088900000|  0%| F|  |TAMS 0x0000000088800000, 0x0000000088800000| Untracked 
| 119|0x0000000088900000, 0x0000000088900000, 0x0000000088a00000|  0%| F|  |TAMS 0x0000000088900000, 0x0000000088900000| Untracked 
| 120|0x0000000088a00000, 0x0000000088a00000, 0x0000000088b00000|  0%| F|  |TAMS 0x0000000088a00000, 0x0000000088a00000| Untracked 
| 121|0x0000000088b00000, 0x0000000088b81348, 0x0000000088c00000| 50%| E|  |TAMS 0x0000000088b00000, 0x0000000088b00000| Complete 
| 122|0x0000000088c00000, 0x0000000088d00000, 0x0000000088d00000|100%| E|CS|TAMS 0x0000000088c00000, 0x0000000088c00000| Complete 
| 123|0x0000000088d00000, 0x0000000088e00000, 0x0000000088e00000|100%| E|CS|TAMS 0x0000000088d00000, 0x0000000088d00000| Complete 
| 124|0x0000000088e00000, 0x0000000088f00000, 0x0000000088f00000|100%| E|CS|TAMS 0x0000000088e00000, 0x0000000088e00000| Complete 
| 125|0x0000000088f00000, 0x0000000089000000, 0x0000000089000000|100%| E|CS|TAMS 0x0000000088f00000, 0x0000000088f00000| Complete 
| 126|0x0000000089000000, 0x0000000089100000, 0x0000000089100000|100%| E|CS|TAMS 0x0000000089000000, 0x0000000089000000| Complete 
| 127|0x0000000089100000, 0x0000000089200000, 0x0000000089200000|100%| E|CS|TAMS 0x0000000089100000, 0x0000000089100000| Complete 

Card table byte_map: [0x000002a5e6320000,0x000002a5e6720000] _byte_map_base: 0x000002a5e5f17000

Marking Bits (Prev, Next): (CMBitMap*) 0x000002a5cf41c8e0, (CMBitMap*) 0x000002a5cf41c920
 Prev Bits: [0x000002a5e6b20000, 0x000002a5e8ad8000)
 Next Bits: [0x000002a5e8ae0000, 0x000002a5eaa98000)

Polling page: 0x000002a5cd310000

Metaspace:

Usage:
  Non-class:      5.76 MB used.
      Class:    692.43 KB used.
       Both:      6.43 MB used.

Virtual space:
  Non-class space:        8.00 MB reserved,       5.81 MB ( 73%) committed,  1 nodes.
      Class space:        1.00 GB reserved,     768.00 KB ( <1%) committed,  1 nodes.
             Both:        1.01 GB reserved,       6.56 MB ( <1%) committed. 

Chunk freelists:
   Non-Class:  2.11 MB
       Class:  3.14 MB
        Both:  5.25 MB

MaxMetaspaceSize: unlimited
CompressedClassSpaceSize: 1.00 GB
Initial GC threshold: 21.00 MB
Current GC threshold: 21.00 MB
CDS: on
MetaspaceReclaimPolicy: balanced
 - commit_granule_bytes: 65536.
 - commit_granule_words: 8192.
 - virtual_space_node_default_size: 1048576.
 - enlarge_chunks_in_place: 1.
 - new_chunks_are_fully_committed: 0.
 - uncommit_free_chunks: 1.
 - use_allocation_guard: 0.
 - handle_deallocations: 1.


Internal statistics:

num_allocs_failed_limit: 0.
num_arena_births: 80.
num_arena_deaths: 0.
num_vsnodes_births: 2.
num_vsnodes_deaths: 0.
num_space_committed: 105.
num_space_uncommitted: 0.
num_chunks_returned_to_freelist: 0.
num_chunks_taken_from_freelist: 156.
num_chunk_merges: 0.
num_chunk_splits: 96.
num_chunks_enlarged: 55.
num_purges: 0.
num_inconsistent_stats: 0.

CodeHeap 'non-profiled nmethods': size=120000Kb used=520Kb max_used=520Kb free=119479Kb
 bounds [0x000002a5de6c0000, 0x000002a5de930000, 0x000002a5e5bf0000]
CodeHeap 'profiled nmethods': size=120000Kb used=2030Kb max_used=2030Kb free=117969Kb
 bounds [0x000002a5d7190000, 0x000002a5d7400000, 0x000002a5de6c0000]
CodeHeap 'non-nmethods': size=5760Kb used=1161Kb max_used=1190Kb free=4598Kb
 bounds [0x000002a5d6bf0000, 0x000002a5d6e60000, 0x000002a5d7190000]
 total_blobs=1582 nmethods=1130 adapters=365
 compilation: enabled
              stopped_count=0, restarted_count=0
 full_count=0

Compilation events (20 events):
Event: 1.321 Thread 0x000002a5ed48dc10 1124       3       java.io.WinNTFileSystem::prefixLength (91 bytes)
Event: 1.322 Thread 0x000002a5ed48dc10 nmethod 1124 0x000002a5d7385190 code [0x000002a5d73854a0, 0x000002a5d7386818]
Event: 1.322 Thread 0x000002a5ed48dc10 1125       3       java.lang.Module::isNamed (13 bytes)
Event: 1.322 Thread 0x000002a5ed48dc10 nmethod 1125 0x000002a5d7386e90 code [0x000002a5d7387020, 0x000002a5d7387198]
Event: 1.323 Thread 0x000002a5ed48dc10 1126   !   3       java.util.zip.Inflater::needsInput (55 bytes)
Event: 1.323 Thread 0x000002a5ed48dc10 nmethod 1126 0x000002a5d7387210 code [0x000002a5d73873c0, 0x000002a5d7387778]
Event: 1.324 Thread 0x000002a5ed48dc10 1127   !   3       jdk.internal.loader.BuiltinClassLoader::findClassOnClassPathOrNull (64 bytes)
Event: 1.325 Thread 0x000002a5ed48dc10 nmethod 1127 0x000002a5d7387890 code [0x000002a5d7387c60, 0x000002a5d7389448]
Event: 1.325 Thread 0x000002a5ed48dc10 1129       3       jdk.internal.loader.BuiltinClassLoader::loadClass (22 bytes)
Event: 1.326 Thread 0x000002a5ed48dc10 nmethod 1129 0x000002a5d7389d10 code [0x000002a5d7389ec0, 0x000002a5d738a178]
Event: 1.330 Thread 0x000002a5ed48dc10 1130       3       java.util.jar.Attributes::getValue (9 bytes)
Event: 1.330 Thread 0x000002a5ed48dc10 nmethod 1130 0x000002a5d738a290 code [0x000002a5d738a440, 0x000002a5d738a768]
Event: 1.330 Thread 0x000002a5ed48dc10 1131       3       java.util.jar.Attributes::get (11 bytes)
Event: 1.330 Thread 0x000002a5ed48dc10 nmethod 1131 0x000002a5d738a890 code [0x000002a5d738aa40, 0x000002a5d738ac08]
Event: 1.332 Thread 0x000002a5ed48dc10 1132       3       java.util.regex.Pattern$Node::<init> (12 bytes)
Event: 1.333 Thread 0x000002a5ed48dc10 nmethod 1132 0x000002a5d738ad10 code [0x000002a5d738aec0, 0x000002a5d738b098]
Event: 1.335 Thread 0x000002a5ed48dc10 1133       3       java.nio.Buffer::hasRemaining (17 bytes)
Event: 1.335 Thread 0x000002a5ed48dc10 nmethod 1133 0x000002a5d738b190 code [0x000002a5d738b320, 0x000002a5d738b498]
Event: 1.335 Thread 0x000002a5ed48dc10 1134       3       java.io.FileSystem::hasBooleanAttributes (17 bytes)
Event: 1.335 Thread 0x000002a5ed48dc10 nmethod 1134 0x000002a5d738b510 code [0x000002a5d738b6c0, 0x000002a5d738b868]

GC Heap History (2 events):
Event: 1.088 GC heap before
{Heap before GC invocations=0 (full 0):
 garbage-first heap   total 131072K, used 22528K [0x0000000081200000, 0x0000000100000000)
  region size 1024K, 23 young (23552K), 0 survivors (0K)
 Metaspace       used 5325K, committed 5504K, reserved 1056768K
  class space    used 540K, committed 640K, reserved 1048576K
}
Event: 1.096 GC heap after
{Heap after GC invocations=1 (full 0):
 garbage-first heap   total 131072K, used 4985K [0x0000000081200000, 0x0000000100000000)
  region size 1024K, 3 young (3072K), 3 survivors (3072K)
 Metaspace       used 5325K, committed 5504K, reserved 1056768K
  class space    used 540K, committed 640K, reserved 1048576K
}

Deoptimization events (20 events):
Event: 0.927 Thread 0x000002a5cf3ddab0 DEOPT PACKING pc=0x000002a5d71a5367 sp=0x000000d698afaf20
Event: 0.927 Thread 0x000002a5cf3ddab0 DEOPT UNPACKING pc=0x000002a5d6c42b43 sp=0x000000d698afa340 mode 0
Event: 0.970 Thread 0x000002a5cf3ddab0 DEOPT PACKING pc=0x000002a5d71a3f51 sp=0x000000d698afe2b0
Event: 0.970 Thread 0x000002a5cf3ddab0 DEOPT UNPACKING pc=0x000002a5d6c42b43 sp=0x000000d698afd728 mode 0
Event: 1.106 Thread 0x000002a5cf3ddab0 Uncommon trap: trap_request=0xffffff45 fr.pc=0x000002a5de70f8ac relative=0x000000000000016c
Event: 1.106 Thread 0x000002a5cf3ddab0 Uncommon trap: reason=unstable_if action=reinterpret pc=0x000002a5de70f8ac method=java.util.concurrent.ConcurrentHashMap.addCount(JI)V @ 121 c2
Event: 1.106 Thread 0x000002a5cf3ddab0 DEOPT PACKING pc=0x000002a5de70f8ac sp=0x000000d698afd440
Event: 1.106 Thread 0x000002a5cf3ddab0 DEOPT UNPACKING pc=0x000002a5d6c423a3 sp=0x000000d698afd3a0 mode 2
Event: 1.132 Thread 0x000002a5cf3ddab0 DEOPT PACKING pc=0x000002a5d723263e sp=0x000000d698afebe0
Event: 1.132 Thread 0x000002a5cf3ddab0 DEOPT UNPACKING pc=0x000002a5d6c42b43 sp=0x000000d698afe060 mode 0
Event: 1.135 Thread 0x000002a5cf3ddab0 DEOPT PACKING pc=0x000002a5d723263e sp=0x000000d698afec20
Event: 1.135 Thread 0x000002a5cf3ddab0 DEOPT UNPACKING pc=0x000002a5d6c42b43 sp=0x000000d698afe0a0 mode 0
Event: 1.136 Thread 0x000002a5cf3ddab0 DEOPT PACKING pc=0x000002a5d723263e sp=0x000000d698afec20
Event: 1.136 Thread 0x000002a5cf3ddab0 DEOPT UNPACKING pc=0x000002a5d6c42b43 sp=0x000000d698afe0a0 mode 0
Event: 1.168 Thread 0x000002a5cf3ddab0 DEOPT PACKING pc=0x000002a5d7285856 sp=0x000000d698afdf30
Event: 1.168 Thread 0x000002a5cf3ddab0 DEOPT UNPACKING pc=0x000002a5d6c42b43 sp=0x000000d698afd3d0 mode 0
Event: 1.241 Thread 0x000002a5cf3ddab0 DEOPT PACKING pc=0x000002a5d720984a sp=0x000000d698afdef0
Event: 1.241 Thread 0x000002a5cf3ddab0 DEOPT UNPACKING pc=0x000002a5d6c42b43 sp=0x000000d698afd368 mode 0
Event: 1.277 Thread 0x000002a5cf3ddab0 DEOPT PACKING pc=0x000002a5d727b9be sp=0x000000d698afd380
Event: 1.277 Thread 0x000002a5cf3ddab0 DEOPT UNPACKING pc=0x000002a5d6c42b43 sp=0x000000d698afc820 mode 0

Classes unloaded (0 events):
No events

Classes redefined (0 events):
No events

Internal exceptions (13 events):
Event: 0.638 Thread 0x000002a5cf3ddab0 Exception <a 'java/lang/ClassNotFoundException'{0x00000000880f2770}: sun/awt/resources/spi/awtProvider> (0x00000000880f2770) 
thrown [t:\workspace\open\src\hotspot\share\classfile\systemDictionary.cpp, line 256]
Event: 0.694 Thread 0x000002a5cf3ddab0 Exception <a 'java/io/FileNotFoundException'{0x0000000087f39e28}> (0x0000000087f39e28) 
thrown [t:\workspace\open\src\hotspot\share\prims\jni.cpp, line 516]
Event: 0.708 Thread 0x000002a5cf3ddab0 Exception <a 'java/io/FileNotFoundException'{0x0000000087f66cf0}> (0x0000000087f66cf0) 
thrown [t:\workspace\open\src\hotspot\share\prims\jni.cpp, line 516]
Event: 0.736 Thread 0x000002a5cf3ddab0 Exception <a 'java/lang/NoSuchMethodError'{0x0000000087f781a0}: 'java.lang.Object java.lang.invoke.DirectMethodHandle$Holder.invokeStaticInit(java.lang.Object, int, int, int, int)'> (0x0000000087f781a0) 
thrown [t:\workspace\open\src\hotspot\share\interpreter\linkResolver.cpp, line 766]
Event: 0.972 Thread 0x000002a5cf3ddab0 Exception <a 'java/lang/NoClassDefFoundError'{0x0000000087db1f68}: org/apache/log4j/Priority> (0x0000000087db1f68) 
thrown [t:\workspace\open\src\hotspot\share\classfile\systemDictionary.cpp, line 245]
Event: 1.020 Thread 0x000002a5cf3ddab0 Exception <a 'sun/nio/fs/WindowsException'{0x0000000087c70500}> (0x0000000087c70500) 
thrown [t:\workspace\open\src\hotspot\share\prims\jni.cpp, line 516]
Event: 1.040 Thread 0x000002a5cf3ddab0 Exception <a 'java/lang/NoSuchMethodError'{0x0000000087c9d4c0}: 'int java.lang.invoke.DirectMethodHandle$Holder.invokeStaticInit(java.lang.Object, java.lang.Object, java.lang.Object, java.lang.Object)'> (0x0000000087c9d4c0) 
thrown [t:\workspace\open\src\hotspot\share\interpreter\linkResolver.cpp, line 766]
Event: 1.042 Thread 0x000002a5cf3ddab0 Exception <a 'java/lang/NoSuchMethodError'{0x0000000087ca6e98}: 'java.lang.Object java.lang.invoke.DirectMethodHandle$Holder.invokeInterface(java.lang.Object, java.lang.Object)'> (0x0000000087ca6e98) 
thrown [t:\workspace\open\src\hotspot\share\interpreter\linkResolver.cpp, line 766]
Event: 1.043 Thread 0x000002a5cf3ddab0 Exception <a 'java/lang/IncompatibleClassChangeError'{0x0000000087caa690}: Found class java.lang.Object, but interface was expected> (0x0000000087caa690) 
thrown [t:\workspace\open\src\hotspot\share\interpreter\linkResolver.cpp, line 833]
Event: 1.043 Thread 0x000002a5cf3ddab0 Exception <a 'java/lang/NoSuchMethodError'{0x0000000087cad6b8}: 'void java.lang.invoke.DirectMethodHandle$Holder.invokeStatic(java.lang.Object, java.lang.Object)'> (0x0000000087cad6b8) 
thrown [t:\workspace\open\src\hotspot\share\interpreter\linkResolver.cpp, line 766]
Event: 1.044 Thread 0x000002a5cf3ddab0 Exception <a 'java/lang/NoSuchMethodError'{0x0000000087cb0fd0}: 'void java.lang.invoke.DirectMethodHandle$Holder.invokeStaticInit(java.lang.Object, java.lang.Object)'> (0x0000000087cb0fd0) 
thrown [t:\workspace\open\src\hotspot\share\interpreter\linkResolver.cpp, line 766]
Event: 1.045 Thread 0x000002a5cf3ddab0 Exception <a 'java/lang/NoSuchMethodError'{0x0000000087cb7298}: 'int java.lang.invoke.DirectMethodHandle$Holder.invokeStaticInit(java.lang.Object, java.lang.Object)'> (0x0000000087cb7298) 
thrown [t:\workspace\open\src\hotspot\share\interpreter\linkResolver.cpp, line 766]
Event: 1.246 Thread 0x000002a5cf3ddab0 Exception <a 'java/lang/NoSuchMethodError'{0x0000000088d5f0c0}: 'java.lang.Object java.lang.invoke.DirectMethodHandle$Holder.invokeStaticInit(java.lang.Object, java.lang.Object, int, int, int, int)'> (0x0000000088d5f0c0) 
thrown [t:\workspace\open\src\hotspot\share\interpreter\linkResolver.cpp, line 766]

VM Operations (14 events):
Event: 0.134 Executing VM operation: HandshakeAllThreads
Event: 0.134 Executing VM operation: HandshakeAllThreads done
Event: 0.229 Executing VM operation: HandshakeAllThreads
Event: 0.229 Executing VM operation: HandshakeAllThreads done
Event: 0.842 Executing VM operation: HandshakeAllThreads
Event: 0.842 Executing VM operation: HandshakeAllThreads done
Event: 0.999 Executing VM operation: HandshakeAllThreads
Event: 0.999 Executing VM operation: HandshakeAllThreads done
Event: 1.088 Executing VM operation: G1CollectForAllocation
Event: 1.096 Executing VM operation: G1CollectForAllocation done
Event: 1.170 Executing VM operation: HandshakeAllThreads
Event: 1.170 Executing VM operation: HandshakeAllThreads done
Event: 1.252 Executing VM operation: HandshakeAllThreads
Event: 1.252 Executing VM operation: HandshakeAllThreads done

Events (20 events):
Event: 1.328 loading class java/util/concurrent/locks/ReentrantReadWriteLock$WriteLock
Event: 1.328 loading class java/util/concurrent/locks/ReentrantReadWriteLock$WriteLock done
Event: 1.332 loading class java/util/regex/Pattern$Loop
Event: 1.332 loading class java/util/regex/Pattern$Loop done
Event: 1.332 loading class java/util/regex/Pattern$Prolog
Event: 1.332 loading class java/util/regex/Pattern$Prolog done
Event: 1.334 loading class java/util/BitSet
Event: 1.334 loading class java/util/BitSet done
Event: 1.334 loading class java/nio/StringCharBuffer
Event: 1.334 loading class java/nio/StringCharBuffer done
Event: 1.334 loading class sun/nio/cs/ThreadLocalCoders
Event: 1.334 loading class sun/nio/cs/ThreadLocalCoders done
Event: 1.334 loading class sun/nio/cs/ThreadLocalCoders$1
Event: 1.334 loading class sun/nio/cs/ThreadLocalCoders$Cache
Event: 1.334 loading class sun/nio/cs/ThreadLocalCoders$Cache done
Event: 1.334 loading class sun/nio/cs/ThreadLocalCoders$1 done
Event: 1.335 loading class sun/nio/cs/ThreadLocalCoders$2
Event: 1.335 loading class sun/nio/cs/ThreadLocalCoders$2 done
Event: 1.335 loading class sun/nio/cs/UTF_8$Encoder
Event: 1.335 loading class sun/nio/cs/UTF_8$Encoder done


Dynamic libraries:
0x00007ff759800000 - 0x00007ff759810000 	C:\Program Files\Java\jdk-17.0.1\bin\javaw.exe
0x00007ffb58df0000 - 0x00007ffb58fe5000 	C:\Windows\SYSTEM32\ntdll.dll
0x00007ffb58b60000 - 0x00007ffb58c1e000 	C:\Windows\System32\KERNEL32.DLL
0x00007ffb56960000 - 0x00007ffb56c28000 	C:\Windows\System32\KERNELBASE.dll
0x00007ffb567b0000 - 0x00007ffb568b0000 	C:\Windows\System32\ucrtbase.dll
0x00007ffb4f940000 - 0x00007ffb4f958000 	C:\Program Files\Java\jdk-17.0.1\bin\jli.dll
0x00007ffb50aa0000 - 0x00007ffb50aba000 	C:\Program Files\Java\jdk-17.0.1\bin\VCRUNTIME140.dll
0x00007ffb58880000 - 0x00007ffb5892c000 	C:\Windows\System32\ADVAPI32.dll
0x00007ffb57480000 - 0x00007ffb5751e000 	C:\Windows\System32\msvcrt.dll
0x00007ffb58a10000 - 0x00007ffb58aab000 	C:\Windows\System32\sechost.dll
0x00007ffb58c20000 - 0x00007ffb58d4a000 	C:\Windows\System32\RPCRT4.dll
0x00007ffb586c0000 - 0x00007ffb58861000 	C:\Windows\System32\USER32.dll
0x00007ffb486b0000 - 0x00007ffb4894a000 	C:\Windows\WinSxS\amd64_microsoft.windows.common-controls_6595b64144ccf1df_6.0.19041.1110_none_60b5254171f9507e\COMCTL32.dll
0x00007ffb56510000 - 0x00007ffb56532000 	C:\Windows\System32\win32u.dll
0x00007ffb56ff0000 - 0x00007ffb5701b000 	C:\Windows\System32\GDI32.dll
0x00007ffb56540000 - 0x00007ffb5664b000 	C:\Windows\System32\gdi32full.dll
0x00007ffb56c90000 - 0x00007ffb56d2d000 	C:\Windows\System32\msvcp_win.dll
0x00007ffb4f610000 - 0x00007ffb4f61a000 	C:\Windows\SYSTEM32\VERSION.dll
0x00007ffb589e0000 - 0x00007ffb58a10000 	C:\Windows\System32\IMM32.DLL
0x00007ffb53d10000 - 0x00007ffb53d1c000 	C:\Program Files\Java\jdk-17.0.1\bin\vcruntime140_1.dll
0x00007ffb1b340000 - 0x00007ffb1b3cd000 	C:\Program Files\Java\jdk-17.0.1\bin\msvcp140.dll
0x00007ffb01a50000 - 0x00007ffb0260e000 	C:\Program Files\Java\jdk-17.0.1\bin\server\jvm.dll
0x00007ffb57110000 - 0x00007ffb57118000 	C:\Windows\System32\PSAPI.DLL
0x00007ffb37bf0000 - 0x00007ffb37bf9000 	C:\Windows\SYSTEM32\WSOCK32.dll
0x00007ffb49d20000 - 0x00007ffb49d47000 	C:\Windows\SYSTEM32\WINMM.dll
0x00007ffb58170000 - 0x00007ffb581db000 	C:\Windows\System32\WS2_32.dll
0x00007ffb54d90000 - 0x00007ffb54da2000 	C:\Windows\SYSTEM32\kernel.appcore.dll
0x00007ffb53660000 - 0x00007ffb5366a000 	C:\Program Files\Java\jdk-17.0.1\bin\jimage.dll
0x00007ffb4ad30000 - 0x00007ffb4af14000 	C:\Windows\SYSTEM32\DBGHELP.DLL
0x00007ffb38400000 - 0x00007ffb3842c000 	C:\Windows\SYSTEM32\dbgcore.DLL
0x00007ffb56d60000 - 0x00007ffb56de3000 	C:\Windows\System32\bcryptPrimitives.dll
0x00007ffb4c150000 - 0x00007ffb4c175000 	C:\Program Files\Java\jdk-17.0.1\bin\java.dll
0x00007ffb18030000 - 0x00007ffb18106000 	C:\Program Files\Java\jdk-17.0.1\bin\svml.dll
0x00007ffb57a30000 - 0x00007ffb5816f000 	C:\Windows\System32\SHELL32.dll
0x00007ffb54530000 - 0x00007ffb54cc0000 	C:\Windows\SYSTEM32\windows.storage.dll
0x00007ffb57120000 - 0x00007ffb57475000 	C:\Windows\System32\combase.dll
0x00007ffb55f60000 - 0x00007ffb55f8e000 	C:\Windows\SYSTEM32\Wldp.dll
0x00007ffb58ab0000 - 0x00007ffb58b5d000 	C:\Windows\System32\SHCORE.dll
0x00007ffb577f0000 - 0x00007ffb57845000 	C:\Windows\System32\shlwapi.dll
0x00007ffb56450000 - 0x00007ffb5646f000 	C:\Windows\SYSTEM32\profapi.dll
0x00007ffb4b240000 - 0x00007ffb4b259000 	C:\Program Files\Java\jdk-17.0.1\bin\net.dll
0x00007ffb4cdf0000 - 0x00007ffb4cefc000 	C:\Windows\SYSTEM32\WINHTTP.dll
0x00007ffb55cc0000 - 0x00007ffb55d2a000 	C:\Windows\system32\mswsock.dll
0x00007ffb4b220000 - 0x00007ffb4b235000 	C:\Program Files\Java\jdk-17.0.1\bin\nio.dll
0x00007ffb47440000 - 0x00007ffb47458000 	C:\Program Files\Java\jdk-17.0.1\bin\zip.dll
0x00007ffb17ea0000 - 0x00007ffb1802f000 	C:\Program Files\Java\jdk-17.0.1\bin\awt.dll
0x00007ffb57960000 - 0x00007ffb57a2d000 	C:\Windows\System32\OLEAUT32.dll
0x00007ffb53bd0000 - 0x00007ffb53c60000 	C:\Windows\SYSTEM32\apphelp.dll
0x00007ffb50600000 - 0x00007ffb50610000 	C:\Program Files\Java\jdk-17.0.1\bin\verify.dll
0x00007ffb55eb0000 - 0x00007ffb55ec8000 	C:\Windows\SYSTEM32\CRYPTSP.dll
0x00007ffb555d0000 - 0x00007ffb55604000 	C:\Windows\system32\rsaenh.dll
0x00007ffb56d30000 - 0x00007ffb56d57000 	C:\Windows\System32\bcrypt.dll
0x00007ffb56410000 - 0x00007ffb5643e000 	C:\Windows\SYSTEM32\USERENV.dll
0x00007ffb55ed0000 - 0x00007ffb55edc000 	C:\Windows\SYSTEM32\CRYPTBASE.dll
0x00007ffb55960000 - 0x00007ffb5599b000 	C:\Windows\SYSTEM32\IPHLPAPI.DLL
0x00007ffb58870000 - 0x00007ffb58878000 	C:\Windows\System32\NSI.dll
0x00007ffb4e8b0000 - 0x00007ffb4e8c7000 	C:\Windows\SYSTEM32\dhcpcsvc6.DLL
0x00007ffb4e890000 - 0x00007ffb4e8ad000 	C:\Windows\SYSTEM32\dhcpcsvc.DLL
0x00007ffb559a0000 - 0x00007ffb55a6b000 	C:\Windows\SYSTEM32\DNSAPI.dll

dbghelp: loaded successfully - version: 4.0.5 - missing functions: none
symbol engine: initialized successfully - sym options: 0x614 - pdb path: .;C:\Program Files\Java\jdk-17.0.1\bin;C:\Windows\SYSTEM32;C:\Windows\WinSxS\amd64_microsoft.windows.common-controls_6595b64144ccf1df_6.0.19041.1110_none_60b5254171f9507e;C:\Program Files\Java\jdk-17.0.1\bin\server

VM Arguments:
jvm_args: -Dfile.encoding=Cp1252 -XX:+ShowCodeDetailsInExceptionMessages 
java_command: client.app.MainControllerGUI
java_class_path (initial): E:\Eclipse_2\Clientapplication\bin;E:\Eclipse_2\Clientapplication\lib\bcprov-jdk15on-160.jar;E:\Eclipse_2\Clientapplication\lib\httpclient-4.5.6.jar;E:\Eclipse_2\Clientapplication\lib\httpcore-4.4.10.jar;E:\Eclipse_2\Clientapplication\lib\gson-2.6.2.jar;E:\Eclipse_2\Clientapplication\lib\commons-logging-1.2.jar
Launcher Type: SUN_STANDARD

[Global flags]
     intx CICompilerCount                          = 4                                         {product} {ergonomic}
     uint ConcGCThreads                            = 2                                         {product} {ergonomic}
     uint G1ConcRefinementThreads                  = 8                                         {product} {ergonomic}
   size_t G1HeapRegionSize                         = 1048576                                   {product} {ergonomic}
    uintx GCDrainStackTargetSize                   = 64                                        {product} {ergonomic}
   size_t InitialHeapSize                          = 134217728                                 {product} {ergonomic}
   size_t MarkStackSize                            = 4194304                                   {product} {ergonomic}
   size_t MaxHeapSize                              = 2128609280                                {product} {ergonomic}
   size_t MaxNewSize                               = 1277165568                                {product} {ergonomic}
   size_t MinHeapDeltaBytes                        = 1048576                                   {product} {ergonomic}
   size_t MinHeapSize                              = 8388608                                   {product} {ergonomic}
    uintx NonNMethodCodeHeapSize                   = 5839372                                {pd product} {ergonomic}
    uintx NonProfiledCodeHeapSize                  = 122909434                              {pd product} {ergonomic}
    uintx ProfiledCodeHeapSize                     = 122909434                              {pd product} {ergonomic}
    uintx ReservedCodeCacheSize                    = 251658240                              {pd product} {ergonomic}
     bool SegmentedCodeCache                       = true                                      {product} {ergonomic}
     bool ShowCodeDetailsInExceptionMessages       = true                                   {manageable} {command line}
   size_t SoftMaxHeapSize                          = 2128609280                             {manageable} {ergonomic}
     bool UseCompressedClassPointers               = true                           {product lp64_product} {ergonomic}
     bool UseCompressedOops                        = true                           {product lp64_product} {ergonomic}
     bool UseG1GC                                  = true                                      {product} {ergonomic}
     bool UseLargePagesIndividualAllocation        = false                                  {pd product} {ergonomic}

Logging:
Log output configuration:
 #0: stdout all=warning uptime,level,tags
 #1: stderr all=off uptime,level,tags

Environment Variables:
JAVA_HOME=C:\Program Files\Java\jdk-17.0.1
PATH=C:/Program Files/Java/eclipse//plugins/org.eclipse.justj.openjdk.hotspot.jre.full.win32.x86_64_16.0.2.v20210721-1149/jre/bin/server;C:/Program Files/Java/eclipse//plugins/org.eclipse.justj.openjdk.hotspot.jre.full.win32.x86_64_16.0.2.v20210721-1149/jre/bin;C:\Program Files\Common Files\Oracle\Java\javapath;"C:\Program Files\Java\jdk-17.0.1\bin;C:\Program Files\Common Files\Oracle\Java\javapath";C:\Windows\system32;C:\Windows;C:\Windows\System32\Wbem;C:\Windows\System32\WindowsPowerShell\v1.0\;C:\Windows\System32\OpenSSH\;C:\MinGW\bin;E:\MATLAB\runtime\win64;E:\MATLAB\bin;E:\MATLAB\polyspace\bin;C:\Program Files\Git\cmd;C:\Program Files\Microsoft SQL Server\Client SDK\ODBC\170\Tools\Binn\;C:\Program Files (x86)\Microsoft SQL Server\150\Tools\Binn\;C:\Program Files\Microsoft SQL Server\150\Tools\Binn\;C:\Program Files\Microsoft SQL Server\150\DTS\Binn\;C:\Program Files\Azure Data Studio\bin;C:\Program Files (x86)\Microsoft SQL Server\150\DTS\Binn\;C:\MinGW\bin;C:\Program Files\Microsoft SQL Server\130\Tools\Binn\;C:\Program Files\Go\bin;C:\Program Files\MySQL\MySQL Shell 8.0\bin\;C:\Users\admin\AppData\Local\Programs\Python\Python39\Scripts\;C:\Users\admin\AppData\Local\Programs\Python\Python39\;C:\Users\admin\AppData\Local\Microsoft\WindowsApps;C:\Users\admin\AppData\Local\GitHubDesktop\bin;C:\Program Files\Azure Data Studio\bin;C:\Users\admin\AppData\Local\Programs\Microsoft VS Code\bin;C:\Program Files (x86)\Dev-Cpp\MinGW64\bin;C:\Users\admin\go\bin;C:\Program Files\Java\eclipse;
USERNAME=admin
OS=Windows_NT
PROCESSOR_IDENTIFIER=Intel64 Family 6 Model 60 Stepping 3, GenuineIntel



---------------  S Y S T E M  ---------------

OS:
 Windows 10 , 64 bit Build 19041 (10.0.19041.1348)
OS uptime: 5 days 17:04 hours

CPU: total 8 (initial active 8) (4 cores per cpu, 2 threads per core) family 6 model 60 stepping 3 microcode 0x27, cx8, cmov, fxsr, ht, mmx, sse, sse2, sse3, ssse3, sse4.1, sse4.2, popcnt, lzcnt, tsc, tscinvbit, avx, avx2, aes, erms, clmul, bmi1, bmi2, fma, vzeroupper, clflush

Memory: 4k page, system-wide physical 8112M (407M free)
TotalPageFile size 12208M (AvailPageFile size 0M)
current process WorkingSet (physical memory assigned to process): 82M, peak: 82M
current process commit charge ("private bytes"): 228M, peak: 229M

vm_info: Java HotSpot(TM) 64-Bit Server VM (17.0.1+12-LTS-39) for windows-amd64 JRE (17.0.1+12-LTS-39), built on Sep 27 2021 18:41:35 by "mach5one" with MS VC++ 16.8 (VS2019)

END.
